[ 2016-06-27T13:10:05+08:00 ] ::1 /hair/
INFO: [ app_init ] --START--
INFO: Run Behavior\BuildLiteBehavior [ RunTime:0.000000s ]
INFO: [ app_init ] --END-- [ RunTime:0.002000s ]
INFO: [ app_begin ] --START--
INFO: Run Behavior\ReadHtmlCacheBehavior [ RunTime:0.002000s ]
INFO: [ app_begin ] --END-- [ RunTime:0.002000s ]
INFO: [ view_parse ] --START--
INFO: [ template_filter ] --START--
INFO: Run Behavior\ContentReplaceBehavior [ RunTime:0.000000s ]
INFO: [ template_filter ] --END-- [ RunTime:0.000000s ]
INFO: Run Behavior\ParseTemplateBehavior [ RunTime:0.037002s ]
INFO: [ view_parse ] --END-- [ RunTime:0.042002s ]
INFO: [ view_filter ] --START--
INFO: Run Behavior\WriteHtmlCacheBehavior [ RunTime:0.001001s ]
INFO: [ view_filter ] --END-- [ RunTime:0.002001s ]

[ 2016-06-27T14:10:12+09:00 ] ::1 /hair/index.php/Home/admin/adminLogin
INFO: [ app_init ] --START--
INFO: Run Behavior\BuildLiteBehavior [ RunTime:0.000000s ]
INFO: [ app_init ] --END-- [ RunTime:0.001000s ]
INFO: [ app_begin ] --START--
INFO: Run Behavior\ReadHtmlCacheBehavior [ RunTime:0.003000s ]
INFO: [ app_begin ] --END-- [ RunTime:0.003000s ]
SQL: SHOW COLUMNS FROM `admin` [ RunTime:0.0468s ]
SQL: SELECT * FROM `admin` WHERE ( ADMIN_NAME = "admin" and ADMIN_PASSWORD = "e10adc3949ba59abbe56e057f20f883e" ) LIMIT 1   [ RunTime:0.0000s ]
SQL: SHOW COLUMNS FROM `system_log` [ RunTime:0.0488s ]
SQL: INSERT INTO `system_log` (`SYSTEM_LOG_TIME`,`SYSTEM_LOG_TYPE`,`SYSTEM_LOG_CONTENT`,`INS_DATE`,`INS_USER`,`UPD_DATE`,`UPD_USER`,`DEL_FLG`) VALUES ('2016-06-27 14:10:12','管理员登录','管理员admin登录','2016-06-27 14:10:12','1','2016-06-27 14:10:12','1','0') [ RunTime:0.0000s ]

[ 2016-06-27T13:10:13+08:00 ] ::1 /hair/index.php/Home/index/
INFO: [ app_init ] --START--
INFO: Run Behavior\BuildLiteBehavior [ RunTime:0.000000s ]
INFO: [ app_init ] --END-- [ RunTime:0.001000s ]
INFO: [ app_begin ] --START--
INFO: Run Behavior\ReadHtmlCacheBehavior [ RunTime:0.002000s ]
INFO: [ app_begin ] --END-- [ RunTime:0.004000s ]
SQL: SHOW COLUMNS FROM `member` [ RunTime:0.0990s ]
SQL: SELECT member.MEMBER_ID AS `MEMBER_ID`,member.MEMBER_NAME AS `MEMBER_NAME`,member.MEMBER_TEL AS `MEMBER_TEL`,member.MEMBER_BIRTHDAY AS `MEMBER_BIRTHDAY`,member.MEMBER_SEX AS `MEMBER_SEX`,member.MEMBER_MESSAGE AS `MEMBER_MESSAGE`,member.MEMBER_POINT AS `MEMBER_POINT`,member.MEMBER_BLOOD_TYPE AS `MEMBER_BLOOD_TYPE`,member.MEMBER_HEIGHT AS `MEMBER_HEIGHT`,member.MEMBER_WEIGHT AS `MEMBER_WEIGHT`,member.MEMBER_HOBBY AS `MEMBER_HOBBY`,member.MEMBER_HOME_TEL AS `MEMBER_HOME_TEL`,member.MEMBER_ID_CARD AS `MEMBER_ID_CARD`,member.MEMBER_ADDRESS AS `MEMBER_ADDRESS`,member.MEMBER_WORK AS `MEMBER_WORK`,member.MEMBER_COMMENT AS `MEMBER_COMMENT`,member.MEMBER_MARRAY AS `MEMBER_MARRAY`,member.MEMBER_IMG AS `MEMBER_IMG`,member.MEMBER_SKIN_COMMENT AS `MEMBER_SKIN_COMMENT`,member.MEMBER_EFFECT_COMMENT AS `MEMBER_EFFECT_COMMENT`,member.MEMBER_OTHER_COMMENT AS `MEMBER_OTHER_COMMENT`,member_card.MEMBER_CARD_ID AS `MEMBER_CARD_ID`,member_card.MEMBER_CARD_NO AS `MEMBER_CARD_NO`,member_card.BALANCE_MONEY AS `BALANCE_MONEY`,member_card.ARREARS_MONEY AS `ARREARS_MONEY`,member_card.GIFT_MONEY AS `GIFT_MONEY`,member_card.MEMBER_CARD_DISCOUNT AS `MEMBER_CARD_DISCOUNT`,member_card.PAY_AMOUNG AS `PAY_AMOUNG`,member_card.LAST_PAY_DATE AS `LAST_PAY_DATE`,member_card_type.MEMBER_CARD_TYPE_ID AS `MEMBER_CARD_TYPE_ID`,member_card_type.MEMBER_CARD_TYPE_NAME AS `MEMBER_CARD_TYPE_NAME` FROM `member` left join member_card on member.MEMBER_ID = member_card.MEMBER_ID and member_card.DEL_FLG = "0"  left join member_card_type on member_card_type.MEMBER_CARD_TYPE_ID = member_card.MEMBER_CARD_TYPE_ID and member_card_type.DEL_FLG = "0"   WHERE ( member.DEL_FLG = "0" )  [ RunTime:0.1530s ]
SQL: SHOW COLUMNS FROM `service_category` [ RunTime:0.0740s ]
SQL: SELECT * FROM `service_category` WHERE ( DEL_FLG ="0" )  [ RunTime:0.0010s ]
SQL: SHOW COLUMNS FROM `service` [ RunTime:0.0800s ]
SQL: SELECT service.SERVICE_ID AS `SERVICE_ID`,service.SERVICE_NAME AS `SERVICE_NAME`,service_category.CATEGORY_ID AS `CATEGORY_ID`,service_category.CATEGORY_NAME AS `CATEGORY_NAME`,service_type.TYPE_ID AS `TYPE_ID`,service_type.TYPE_NAME AS `TYPE_NAME`,service.SERVICE_PRICE AS `SERVICE_PRICE`,service.HAND_PRICE AS `HAND_PRICE` FROM `service` LEFT JOIN service_category ON service_category.CATEGORY_ID = service.CATEGORY_ID AND service_category.DEL_FLG = "0" LEFT JOIN service_type ON service_type.TYPE_ID = service.TYPE_ID AND service_type.DEL_FLG = "0"  WHERE ( service.DEL_FLG = "0" )  [ RunTime:0.0650s ]
SQL: SHOW COLUMNS FROM `employee` [ RunTime:0.0740s ]
SQL: SELECT employee.EMPLOYEE_ID AS `EMPLOYEE_ID`,employee.EMPLOYEE_NO AS `EMPLOYEE_NO`,employee.EMPLOYEE_NAME AS `EMPLOYEE_NAME`,employee.EMPLOYEE_SEX AS `EMPLOYEE_SEX`,employee.EMPLOYEE_POSITION_ID AS `EMPLOYEE_POSITION_ID`,employee_position.EMPLOYEE_POSITION_NAME AS `EMPLOYEE_POSITION_NAME`,employee_position_big.EMPLOYEE_POSITION_BIG_ID AS `EMPLOYEE_POSITION_BIG_ID`,employee.EMPLOYEE_STATUS AS `EMPLOYEE_STATUS`,employee.EMPLOYEE_TEL AS `EMPLOYEE_TEL`,employee.EMPLOYEE_ID_CARD AS `EMPLOYEE_ID_CARD`,employee.EMPLOYEE_BANK_NO AS `EMPLOYEE_BANK_NO`,employee.EMPLOYEE_BIRTHDAY AS `EMPLOYEE_BIRTHDAY`,employee.EMPLOYEE_WORK_DATE AS `EMPLOYEE_WORK_DATE` FROM `employee` LEFT JOIN employee_position ON employee.EMPLOYEE_POSITION_ID = employee_position.EMPLOYEE_POSITION_ID AND employee_position.DEL_FLG = "0" LEFT JOIN employee_position_big ON employee_position_big.EMPLOYEE_POSITION_BIG_ID = employee_position.EMPLOYEE_POSITION_BIG_ID AND employee_position.DEL_FLG = "0"  WHERE ( employee.DEL_FLG = "0" )  [ RunTime:0.1170s ]
SQL: SHOW COLUMNS FROM `course_category` [ RunTime:0.0790s ]
SQL: SELECT * FROM `course_category` WHERE ( DEL_FLG = "0" )  [ RunTime:0.0010s ]
SQL: SHOW COLUMNS FROM `course` [ RunTime:0.0460s ]
SQL: SELECT course.COURSE_ID AS `COURSE_ID`,course.COURSE_NAME AS `COURSE_NAME`,course_category.CATEGORY_ID AS `CATEGORY_ID`,course_category.CATEGORY_NAME AS `CATEGORY_NAME`,course.COURSE_PRICE AS `COURSE_PRICE`,course.COURSE_VALUE AS `COURSE_VALUE`,course.COURSE_STATUS AS `COURSE_STATUS` FROM `course` LEFT JOIN course_category ON course_category.CATEGORY_ID = course.CATEGORY_ID AND course_category.DEL_FLG = "0"  WHERE ( course.DEL_FLG = "0" )  [ RunTime:0.0010s ]
SQL: SHOW COLUMNS FROM `member_card_type` [ RunTime:0.0150s ]
SQL: SELECT * FROM `member_card_type` WHERE ( member_card_type.DEL_FLG = "0" )  [ RunTime:0.0030s ]
INFO: [ view_parse ] --START--
INFO: [ template_filter ] --START--
INFO: Run Behavior\ContentReplaceBehavior [ RunTime:0.002000s ]
INFO: [ template_filter ] --END-- [ RunTime:0.002000s ]
NOTIC: [8] Use of undefined constant active - assumed 'active' C:\php workspace\hair\Application\Runtime\Cache\Home\2c3d1f1be75d2e89905f649ec6a2b2eb.php 第 118 行.
NOTIC: [8] Undefined index: service_no C:\php workspace\hair\Application\Runtime\Cache\Home\2c3d1f1be75d2e89905f649ec6a2b2eb.php 第 855 行.
NOTIC: [8] Undefined index: sell_price C:\php workspace\hair\Application\Runtime\Cache\Home\2c3d1f1be75d2e89905f649ec6a2b2eb.php 第 855 行.
NOTIC: [8] Undefined index: service_no C:\php workspace\hair\Application\Runtime\Cache\Home\2c3d1f1be75d2e89905f649ec6a2b2eb.php 第 855 行.
NOTIC: [8] Undefined index: sell_price C:\php workspace\hair\Application\Runtime\Cache\Home\2c3d1f1be75d2e89905f649ec6a2b2eb.php 第 855 行.
NOTIC: [8] Undefined index: service_no C:\php workspace\hair\Application\Runtime\Cache\Home\2c3d1f1be75d2e89905f649ec6a2b2eb.php 第 855 行.
NOTIC: [8] Undefined index: sell_price C:\php workspace\hair\Application\Runtime\Cache\Home\2c3d1f1be75d2e89905f649ec6a2b2eb.php 第 855 行.
NOTIC: [8] Undefined index: service_no C:\php workspace\hair\Application\Runtime\Cache\Home\2c3d1f1be75d2e89905f649ec6a2b2eb.php 第 855 行.
NOTIC: [8] Undefined index: sell_price C:\php workspace\hair\Application\Runtime\Cache\Home\2c3d1f1be75d2e89905f649ec6a2b2eb.php 第 855 行.
NOTIC: [8] Undefined index: service_no C:\php workspace\hair\Application\Runtime\Cache\Home\2c3d1f1be75d2e89905f649ec6a2b2eb.php 第 855 行.
NOTIC: [8] Undefined index: sell_price C:\php workspace\hair\Application\Runtime\Cache\Home\2c3d1f1be75d2e89905f649ec6a2b2eb.php 第 855 行.
NOTIC: [8] Undefined index: service_no C:\php workspace\hair\Application\Runtime\Cache\Home\2c3d1f1be75d2e89905f649ec6a2b2eb.php 第 855 行.
NOTIC: [8] Undefined index: sell_price C:\php workspace\hair\Application\Runtime\Cache\Home\2c3d1f1be75d2e89905f649ec6a2b2eb.php 第 855 行.
NOTIC: [8] Undefined index: service_no C:\php workspace\hair\Application\Runtime\Cache\Home\2c3d1f1be75d2e89905f649ec6a2b2eb.php 第 855 行.
NOTIC: [8] Undefined index: sell_price C:\php workspace\hair\Application\Runtime\Cache\Home\2c3d1f1be75d2e89905f649ec6a2b2eb.php 第 855 行.
NOTIC: [8] Undefined index: service_no C:\php workspace\hair\Application\Runtime\Cache\Home\2c3d1f1be75d2e89905f649ec6a2b2eb.php 第 855 行.
NOTIC: [8] Undefined index: sell_price C:\php workspace\hair\Application\Runtime\Cache\Home\2c3d1f1be75d2e89905f649ec6a2b2eb.php 第 855 行.
NOTIC: [8] Undefined index: service_no C:\php workspace\hair\Application\Runtime\Cache\Home\2c3d1f1be75d2e89905f649ec6a2b2eb.php 第 855 行.
NOTIC: [8] Undefined index: sell_price C:\php workspace\hair\Application\Runtime\Cache\Home\2c3d1f1be75d2e89905f649ec6a2b2eb.php 第 855 行.
NOTIC: [8] Undefined index: service_no C:\php workspace\hair\Application\Runtime\Cache\Home\2c3d1f1be75d2e89905f649ec6a2b2eb.php 第 855 行.
NOTIC: [8] Undefined index: sell_price C:\php workspace\hair\Application\Runtime\Cache\Home\2c3d1f1be75d2e89905f649ec6a2b2eb.php 第 855 行.
NOTIC: [8] Undefined index: service_no C:\php workspace\hair\Application\Runtime\Cache\Home\2c3d1f1be75d2e89905f649ec6a2b2eb.php 第 855 行.
NOTIC: [8] Undefined index: sell_price C:\php workspace\hair\Application\Runtime\Cache\Home\2c3d1f1be75d2e89905f649ec6a2b2eb.php 第 855 行.
NOTIC: [8] Undefined index: service_no C:\php workspace\hair\Application\Runtime\Cache\Home\2c3d1f1be75d2e89905f649ec6a2b2eb.php 第 855 行.
NOTIC: [8] Undefined index: sell_price C:\php workspace\hair\Application\Runtime\Cache\Home\2c3d1f1be75d2e89905f649ec6a2b2eb.php 第 855 行.
NOTIC: [8] Undefined index: service_no C:\php workspace\hair\Application\Runtime\Cache\Home\2c3d1f1be75d2e89905f649ec6a2b2eb.php 第 855 行.
NOTIC: [8] Undefined index: sell_price C:\php workspace\hair\Application\Runtime\Cache\Home\2c3d1f1be75d2e89905f649ec6a2b2eb.php 第 855 行.
NOTIC: [8] Undefined index: service_no C:\php workspace\hair\Application\Runtime\Cache\Home\2c3d1f1be75d2e89905f649ec6a2b2eb.php 第 855 行.
NOTIC: [8] Undefined index: sell_price C:\php workspace\hair\Application\Runtime\Cache\Home\2c3d1f1be75d2e89905f649ec6a2b2eb.php 第 855 行.
INFO: Run Behavior\ParseTemplateBehavior [ RunTime:0.230013s ]
INFO: [ view_parse ] --END-- [ RunTime:0.231013s ]
INFO: [ view_filter ] --START--
INFO: Run Behavior\WriteHtmlCacheBehavior [ RunTime:0.006000s ]
INFO: [ view_filter ] --END-- [ RunTime:0.006000s ]
INFO: [ app_end ] --START--
INFO: Run Behavior\ShowPageTraceBehavior [ RunTime:0.003000s ]
INFO: [ app_end ] --END-- [ RunTime:0.003000s ]

[ 2016-06-27T13:10:20+08:00 ] ::1 /hair/index.php/Home/systemLog/systemLogList
INFO: [ app_init ] --START--
INFO: Run Behavior\BuildLiteBehavior [ RunTime:0.000000s ]
INFO: [ app_init ] --END-- [ RunTime:0.002000s ]
INFO: [ app_begin ] --START--
INFO: Run Behavior\ReadHtmlCacheBehavior [ RunTime:0.002000s ]
INFO: [ app_begin ] --END-- [ RunTime:0.002000s ]
SQL: SHOW COLUMNS FROM `system_log` [ RunTime:0.0140s ]
SQL: SELECT system_log.SYSTEM_LOG_ID AS `SYSTEM_LOG_ID`,system_log.SYSTEM_LOG_TIME AS `SYSTEM_LOG_TIME`,system_log.SYSTEM_LOG_TYPE AS `SYSTEM_LOG_TYPE`,system_log.SYSTEM_LOG_CONTENT AS `SYSTEM_LOG_CONTENT`,system_log.INS_DATE AS `INS_DATE`,admin_ins.ADMIN_NAME AS `ADMIN_NAME_INS`,system_log.UPD_DATE AS `UPD_DATE`,admin_upd.ADMIN_NAME AS `ADMIN_NAME_UPD` FROM `system_log` LEFT JOIN admin AS admin_ins ON system_log.ins_user = admin_ins.admin_id AND admin_ins.DEL_FLG = "0" LEFT JOIN admin AS admin_upd ON system_log.ins_user = admin_upd.admin_id AND admin_upd.DEL_FLG = "0"  WHERE ( system_log.DEL_FLG = "0" )  [ RunTime:0.0060s ]
INFO: [ view_parse ] --START--
INFO: [ template_filter ] --START--
INFO: Run Behavior\ContentReplaceBehavior [ RunTime:0.000000s ]
INFO: [ template_filter ] --END-- [ RunTime:0.001000s ]
NOTIC: [8] Use of undefined constant active - assumed 'active' C:\php workspace\hair\Application\Runtime\Cache\Home\d2c037b007f06d75f19af6cb663dd30f.php 第 87 行.
NOTIC: [8] Use of undefined constant active - assumed 'active' C:\php workspace\hair\Application\Runtime\Cache\Home\d2c037b007f06d75f19af6cb663dd30f.php 第 167 行.
INFO: Run Behavior\ParseTemplateBehavior [ RunTime:0.106006s ]
INFO: [ view_parse ] --END-- [ RunTime:0.106006s ]
INFO: [ view_filter ] --START--
INFO: Run Behavior\WriteHtmlCacheBehavior [ RunTime:0.008000s ]
INFO: [ view_filter ] --END-- [ RunTime:0.008000s ]
INFO: [ app_end ] --START--
INFO: Run Behavior\ShowPageTraceBehavior [ RunTime:0.002000s ]
INFO: [ app_end ] --END-- [ RunTime:0.002000s ]

[ 2016-06-27T13:10:24+08:00 ] ::1 /hair/index.php/Home/admin/adminList
INFO: [ app_init ] --START--
INFO: Run Behavior\BuildLiteBehavior [ RunTime:0.000000s ]
INFO: [ app_init ] --END-- [ RunTime:0.002000s ]
INFO: [ app_begin ] --START--
INFO: Run Behavior\ReadHtmlCacheBehavior [ RunTime:0.004000s ]
INFO: [ app_begin ] --END-- [ RunTime:0.004000s ]
SQL: SHOW COLUMNS FROM `admin` [ RunTime:0.0140s ]
SQL: SELECT * FROM `admin` WHERE ( DEL_FLG = "0" )  [ RunTime:0.0010s ]
INFO: [ view_parse ] --START--
INFO: [ template_filter ] --START--
INFO: Run Behavior\ContentReplaceBehavior [ RunTime:0.001001s ]
INFO: [ template_filter ] --END-- [ RunTime:0.001001s ]
NOTIC: [8] Use of undefined constant active - assumed 'active' C:\php workspace\hair\Application\Runtime\Cache\Home\e734800f4712e561ed014eda63e22a3d.php 第 87 行.
NOTIC: [8] Use of undefined constant active - assumed 'active' C:\php workspace\hair\Application\Runtime\Cache\Home\e734800f4712e561ed014eda63e22a3d.php 第 166 行.
INFO: Run Behavior\ParseTemplateBehavior [ RunTime:0.123007s ]
INFO: [ view_parse ] --END-- [ RunTime:0.123007s ]
INFO: [ view_filter ] --START--
INFO: Run Behavior\WriteHtmlCacheBehavior [ RunTime:0.002000s ]
INFO: [ view_filter ] --END-- [ RunTime:0.002000s ]
INFO: [ app_end ] --START--
INFO: Run Behavior\ShowPageTraceBehavior [ RunTime:0.002001s ]
INFO: [ app_end ] --END-- [ RunTime:0.003001s ]

[ 2016-06-27T13:10:34+08:00 ] ::1 /hair/index.php/Home/employee/employeeList
INFO: [ app_init ] --START--
INFO: Run Behavior\BuildLiteBehavior [ RunTime:0.001000s ]
INFO: [ app_init ] --END-- [ RunTime:0.002000s ]
INFO: [ app_begin ] --START--
INFO: Run Behavior\ReadHtmlCacheBehavior [ RunTime:0.002000s ]
INFO: [ app_begin ] --END-- [ RunTime:0.002000s ]
SQL: SHOW COLUMNS FROM `employee` [ RunTime:0.0140s ]
SQL: SELECT employee.EMPLOYEE_ID AS `EMPLOYEE_ID`,employee.EMPLOYEE_NO AS `EMPLOYEE_NO`,employee.EMPLOYEE_NAME AS `EMPLOYEE_NAME`,employee.EMPLOYEE_SEX AS `EMPLOYEE_SEX`,employee.EMPLOYEE_POSITION_ID AS `EMPLOYEE_POSITION_ID`,employee_position.EMPLOYEE_POSITION_NAME AS `EMPLOYEE_POSITION_NAME`,employee_position_big.EMPLOYEE_POSITION_BIG_ID AS `EMPLOYEE_POSITION_BIG_ID`,employee.EMPLOYEE_STATUS AS `EMPLOYEE_STATUS`,employee.EMPLOYEE_TEL AS `EMPLOYEE_TEL`,employee.EMPLOYEE_ID_CARD AS `EMPLOYEE_ID_CARD`,employee.EMPLOYEE_BANK_NO AS `EMPLOYEE_BANK_NO`,employee.EMPLOYEE_BIRTHDAY AS `EMPLOYEE_BIRTHDAY`,employee.EMPLOYEE_WORK_DATE AS `EMPLOYEE_WORK_DATE` FROM `employee` LEFT JOIN employee_position ON employee.EMPLOYEE_POSITION_ID = employee_position.EMPLOYEE_POSITION_ID AND employee_position.DEL_FLG = "0" LEFT JOIN employee_position_big ON employee_position_big.EMPLOYEE_POSITION_BIG_ID = employee_position.EMPLOYEE_POSITION_BIG_ID AND employee_position.DEL_FLG = "0"  WHERE ( employee.DEL_FLG = "0" )  [ RunTime:0.0060s ]
INFO: [ view_parse ] --START--
INFO: [ template_filter ] --START--
INFO: Run Behavior\ContentReplaceBehavior [ RunTime:0.000000s ]
INFO: [ template_filter ] --END-- [ RunTime:0.001000s ]
NOTIC: [8] Use of undefined constant active - assumed 'active' C:\php workspace\hair\Application\Runtime\Cache\Home\8bbd033f5f83f0739ce7e06be27f3967.php 第 87 行.
NOTIC: [8] Use of undefined constant active - assumed 'active' C:\php workspace\hair\Application\Runtime\Cache\Home\8bbd033f5f83f0739ce7e06be27f3967.php 第 144 行.
INFO: Run Behavior\ParseTemplateBehavior [ RunTime:0.107006s ]
INFO: [ view_parse ] --END-- [ RunTime:0.107006s ]
INFO: [ view_filter ] --START--
INFO: Run Behavior\WriteHtmlCacheBehavior [ RunTime:0.002000s ]
INFO: [ view_filter ] --END-- [ RunTime:0.002000s ]
INFO: [ app_end ] --START--
INFO: Run Behavior\ShowPageTraceBehavior [ RunTime:0.004000s ]
INFO: [ app_end ] --END-- [ RunTime:0.004000s ]

[ 2016-06-27T13:25:57+08:00 ] ::1 /hair/index.php/Home/employee/toEmployeeAdd
INFO: [ app_init ] --START--
INFO: Run Behavior\BuildLiteBehavior [ RunTime:0.000000s ]
INFO: [ app_init ] --END-- [ RunTime:0.002000s ]
INFO: [ app_begin ] --START--
INFO: Run Behavior\ReadHtmlCacheBehavior [ RunTime:0.002000s ]
INFO: [ app_begin ] --END-- [ RunTime:0.003000s ]
SQL: SHOW COLUMNS FROM `employee_position_big` [ RunTime:0.0230s ]
SQL: SELECT * FROM `employee_position_big` WHERE ( DEL_FLG = "0" )  [ RunTime:0.0010s ]
SQL: SHOW COLUMNS FROM `employee_position` [ RunTime:0.0160s ]
SQL: SELECT * FROM `employee_position` WHERE ( DEL_FLG = "0" )  [ RunTime:0.0010s ]
INFO: [ view_parse ] --START--
INFO: [ template_filter ] --START--
INFO: Run Behavior\ContentReplaceBehavior [ RunTime:0.000000s ]
INFO: [ template_filter ] --END-- [ RunTime:0.001001s ]
NOTIC: [8] Use of undefined constant active - assumed 'active' C:\php workspace\hair\Application\Runtime\Cache\Home\d9603bb200871dd1f3787a1b93c9d362.php 第 95 行.
INFO: Run Behavior\ParseTemplateBehavior [ RunTime:0.193011s ]
INFO: [ view_parse ] --END-- [ RunTime:0.194011s ]
INFO: [ view_filter ] --START--
INFO: Run Behavior\WriteHtmlCacheBehavior [ RunTime:0.001000s ]
INFO: [ view_filter ] --END-- [ RunTime:0.002000s ]
INFO: [ app_end ] --START--
INFO: Run Behavior\ShowPageTraceBehavior [ RunTime:0.005000s ]
INFO: [ app_end ] --END-- [ RunTime:0.005000s ]

[ 2016-06-27T13:28:23+08:00 ] ::1 /hair/index.php/Home/admin/adminList
INFO: [ app_init ] --START--
INFO: Run Behavior\BuildLiteBehavior [ RunTime:0.000000s ]
INFO: [ app_init ] --END-- [ RunTime:0.001000s ]
INFO: [ app_begin ] --START--
INFO: Run Behavior\ReadHtmlCacheBehavior [ RunTime:0.002000s ]
INFO: [ app_begin ] --END-- [ RunTime:0.003000s ]
SQL: SHOW COLUMNS FROM `admin` [ RunTime:0.0210s ]
SQL: SELECT * FROM `admin` WHERE ( DEL_FLG = "0" )  [ RunTime:0.0010s ]
INFO: [ view_parse ] --START--
INFO: [ template_filter ] --START--
INFO: Run Behavior\ContentReplaceBehavior [ RunTime:0.000000s ]
INFO: [ template_filter ] --END-- [ RunTime:0.001000s ]
NOTIC: [8] Use of undefined constant active - assumed 'active' C:\php workspace\hair\Application\Runtime\Cache\Home\e734800f4712e561ed014eda63e22a3d.php 第 87 行.
NOTIC: [8] Use of undefined constant active - assumed 'active' C:\php workspace\hair\Application\Runtime\Cache\Home\e734800f4712e561ed014eda63e22a3d.php 第 166 行.
INFO: Run Behavior\ParseTemplateBehavior [ RunTime:0.213012s ]
INFO: [ view_parse ] --END-- [ RunTime:0.213012s ]
INFO: [ view_filter ] --START--
INFO: Run Behavior\WriteHtmlCacheBehavior [ RunTime:0.001000s ]
INFO: [ view_filter ] --END-- [ RunTime:0.002000s ]
INFO: [ app_end ] --START--
INFO: Run Behavior\ShowPageTraceBehavior [ RunTime:0.002000s ]
INFO: [ app_end ] --END-- [ RunTime:0.002000s ]

[ 2016-06-27T13:28:28+08:00 ] ::1 /hair/index.php/Home/admin/toAdminUpdate/admin_id/1/upd_kbn/0
INFO: [ app_init ] --START--
INFO: Run Behavior\BuildLiteBehavior [ RunTime:0.000000s ]
INFO: [ app_init ] --END-- [ RunTime:0.001000s ]
INFO: [ app_begin ] --START--
INFO: Run Behavior\ReadHtmlCacheBehavior [ RunTime:0.003000s ]
INFO: [ app_begin ] --END-- [ RunTime:0.003000s ]
SQL: SHOW COLUMNS FROM `admin` [ RunTime:0.0280s ]
SQL: SELECT * FROM `admin` WHERE ( ADMIN_ID =1 ) LIMIT 1   [ RunTime:0.0020s ]
SQL: SHOW COLUMNS FROM `admin_role` [ RunTime:0.0200s ]
SQL: SELECT * FROM `admin_role` WHERE ( DEL_FLG = "0" )  [ RunTime:0.0030s ]
INFO: [ view_parse ] --START--
INFO: [ template_filter ] --START--
INFO: Run Behavior\ContentReplaceBehavior [ RunTime:0.001000s ]
INFO: [ template_filter ] --END-- [ RunTime:0.001000s ]
NOTIC: [8] Use of undefined constant active - assumed 'active' C:\php workspace\hair\Application\Runtime\Cache\Home\c667909ee80ccc4150a8a624f2c53a53.php 第 96 行.
NOTIC: [8] Use of undefined constant active - assumed 'active' C:\php workspace\hair\Application\Runtime\Cache\Home\c667909ee80ccc4150a8a624f2c53a53.php 第 175 行.
INFO: Run Behavior\ParseTemplateBehavior [ RunTime:0.546031s ]
INFO: [ view_parse ] --END-- [ RunTime:0.548031s ]
INFO: [ view_filter ] --START--
INFO: Run Behavior\WriteHtmlCacheBehavior [ RunTime:0.006001s ]
INFO: [ view_filter ] --END-- [ RunTime:0.006001s ]
INFO: [ app_end ] --START--
INFO: Run Behavior\ShowPageTraceBehavior [ RunTime:0.004000s ]
INFO: [ app_end ] --END-- [ RunTime:0.009001s ]

[ 2016-06-27T13:31:23+08:00 ] ::1 /hair/index.php/Home/employee/employeeList
INFO: [ app_init ] --START--
INFO: Run Behavior\BuildLiteBehavior [ RunTime:0.000000s ]
INFO: [ app_init ] --END-- [ RunTime:0.001000s ]
INFO: [ app_begin ] --START--
INFO: Run Behavior\ReadHtmlCacheBehavior [ RunTime:0.002000s ]
INFO: [ app_begin ] --END-- [ RunTime:0.003000s ]
SQL: SHOW COLUMNS FROM `employee` [ RunTime:0.0140s ]
SQL: SELECT employee.EMPLOYEE_ID AS `EMPLOYEE_ID`,employee.EMPLOYEE_NO AS `EMPLOYEE_NO`,employee.EMPLOYEE_NAME AS `EMPLOYEE_NAME`,employee.EMPLOYEE_SEX AS `EMPLOYEE_SEX`,employee.EMPLOYEE_POSITION_ID AS `EMPLOYEE_POSITION_ID`,employee_position.EMPLOYEE_POSITION_NAME AS `EMPLOYEE_POSITION_NAME`,employee_position_big.EMPLOYEE_POSITION_BIG_ID AS `EMPLOYEE_POSITION_BIG_ID`,employee.EMPLOYEE_STATUS AS `EMPLOYEE_STATUS`,employee.EMPLOYEE_TEL AS `EMPLOYEE_TEL`,employee.EMPLOYEE_ID_CARD AS `EMPLOYEE_ID_CARD`,employee.EMPLOYEE_BANK_NO AS `EMPLOYEE_BANK_NO`,employee.EMPLOYEE_BIRTHDAY AS `EMPLOYEE_BIRTHDAY`,employee.EMPLOYEE_WORK_DATE AS `EMPLOYEE_WORK_DATE` FROM `employee` LEFT JOIN employee_position ON employee.EMPLOYEE_POSITION_ID = employee_position.EMPLOYEE_POSITION_ID AND employee_position.DEL_FLG = "0" LEFT JOIN employee_position_big ON employee_position_big.EMPLOYEE_POSITION_BIG_ID = employee_position.EMPLOYEE_POSITION_BIG_ID AND employee_position.DEL_FLG = "0"  WHERE ( employee.DEL_FLG = "0" )  [ RunTime:0.0050s ]
INFO: [ view_parse ] --START--
INFO: [ template_filter ] --START--
INFO: Run Behavior\ContentReplaceBehavior [ RunTime:0.000000s ]
INFO: [ template_filter ] --END-- [ RunTime:0.001000s ]
NOTIC: [8] Use of undefined constant active - assumed 'active' C:\php workspace\hair\Application\Runtime\Cache\Home\8bbd033f5f83f0739ce7e06be27f3967.php 第 87 行.
NOTIC: [8] Use of undefined constant active - assumed 'active' C:\php workspace\hair\Application\Runtime\Cache\Home\8bbd033f5f83f0739ce7e06be27f3967.php 第 144 行.
INFO: Run Behavior\ParseTemplateBehavior [ RunTime:0.118007s ]
INFO: [ view_parse ] --END-- [ RunTime:0.119007s ]
INFO: [ view_filter ] --START--
INFO: Run Behavior\WriteHtmlCacheBehavior [ RunTime:0.002000s ]
INFO: [ view_filter ] --END-- [ RunTime:0.002000s ]
INFO: [ app_end ] --START--
INFO: Run Behavior\ShowPageTraceBehavior [ RunTime:0.074004s ]
INFO: [ app_end ] --END-- [ RunTime:0.075004s ]

[ 2016-06-27T13:31:26+08:00 ] ::1 /hair/index.php/Home/employee/toEmployeeAdd
INFO: [ app_init ] --START--
INFO: Run Behavior\BuildLiteBehavior [ RunTime:0.000000s ]
INFO: [ app_init ] --END-- [ RunTime:0.002000s ]
INFO: [ app_begin ] --START--
INFO: Run Behavior\ReadHtmlCacheBehavior [ RunTime:0.002000s ]
INFO: [ app_begin ] --END-- [ RunTime:0.002000s ]
SQL: SHOW COLUMNS FROM `employee_position_big` [ RunTime:0.0130s ]
SQL: SELECT * FROM `employee_position_big` WHERE ( DEL_FLG = "0" )  [ RunTime:0.0020s ]
SQL: SHOW COLUMNS FROM `employee_position` [ RunTime:0.0200s ]
SQL: SELECT * FROM `employee_position` WHERE ( DEL_FLG = "0" )  [ RunTime:0.0010s ]
INFO: [ view_parse ] --START--
INFO: [ template_filter ] --START--
INFO: Run Behavior\ContentReplaceBehavior [ RunTime:0.000000s ]
INFO: [ template_filter ] --END-- [ RunTime:0.001000s ]
NOTIC: [8] Use of undefined constant active - assumed 'active' C:\php workspace\hair\Application\Runtime\Cache\Home\d9603bb200871dd1f3787a1b93c9d362.php 第 95 行.
INFO: Run Behavior\ParseTemplateBehavior [ RunTime:0.125007s ]
INFO: [ view_parse ] --END-- [ RunTime:0.126007s ]
INFO: [ view_filter ] --START--
INFO: Run Behavior\WriteHtmlCacheBehavior [ RunTime:0.010001s ]
INFO: [ view_filter ] --END-- [ RunTime:0.010001s ]
INFO: [ app_end ] --START--
INFO: Run Behavior\ShowPageTraceBehavior [ RunTime:0.026001s ]
INFO: [ app_end ] --END-- [ RunTime:0.027001s ]

[ 2016-06-27T13:31:40+08:00 ] ::1 /hair/index.php/Home/employee/toEmployeePositionList
INFO: [ app_init ] --START--
INFO: Run Behavior\BuildLiteBehavior [ RunTime:0.000000s ]
INFO: [ app_init ] --END-- [ RunTime:0.001000s ]
INFO: [ app_begin ] --START--
INFO: Run Behavior\ReadHtmlCacheBehavior [ RunTime:0.002000s ]
INFO: [ app_begin ] --END-- [ RunTime:0.002000s ]
SQL: SHOW COLUMNS FROM `employee_position_big` [ RunTime:0.0160s ]
SQL: SELECT * FROM `employee_position_big` WHERE ( DEL_FLG = "0" )  [ RunTime:0.0010s ]
SQL: SHOW COLUMNS FROM `employee_position` [ RunTime:0.0190s ]
SQL: SELECT * FROM `employee_position` WHERE ( DEL_FLG = "0" )  [ RunTime:0.0010s ]
INFO: [ view_parse ] --START--
INFO: [ template_filter ] --START--
INFO: Run Behavior\ContentReplaceBehavior [ RunTime:0.001000s ]
INFO: [ template_filter ] --END-- [ RunTime:0.001000s ]
NOTIC: [8] Use of undefined constant active - assumed 'active' C:\php workspace\hair\Application\Runtime\Cache\Home\abff067bfd7a19adb2d93fa4c055825d.php 第 95 行.
INFO: Run Behavior\ParseTemplateBehavior [ RunTime:0.124007s ]
INFO: [ view_parse ] --END-- [ RunTime:0.124007s ]
INFO: [ view_filter ] --START--
INFO: Run Behavior\WriteHtmlCacheBehavior [ RunTime:0.012001s ]
INFO: [ view_filter ] --END-- [ RunTime:0.012001s ]
INFO: [ app_end ] --START--
INFO: Run Behavior\ShowPageTraceBehavior [ RunTime:0.002000s ]
INFO: [ app_end ] --END-- [ RunTime:0.002000s ]

[ 2016-06-27T13:32:45+08:00 ] ::1 /hair/index.php/Home/employee/toEmployeePositionList
INFO: [ app_init ] --START--
INFO: Run Behavior\BuildLiteBehavior [ RunTime:0.000000s ]
INFO: [ app_init ] --END-- [ RunTime:0.005000s ]
INFO: [ app_begin ] --START--
INFO: Run Behavior\ReadHtmlCacheBehavior [ RunTime:0.002000s ]
INFO: [ app_begin ] --END-- [ RunTime:0.003000s ]
SQL: SHOW COLUMNS FROM `employee_position_big` [ RunTime:0.0190s ]
SQL: SELECT * FROM `employee_position_big` WHERE ( DEL_FLG = "0" )  [ RunTime:0.0040s ]
SQL: SHOW COLUMNS FROM `employee_position` [ RunTime:0.0190s ]
SQL: SELECT * FROM `employee_position` WHERE ( DEL_FLG = "0" )  [ RunTime:0.0050s ]
INFO: [ view_parse ] --START--
INFO: [ template_filter ] --START--
INFO: Run Behavior\ContentReplaceBehavior [ RunTime:0.001000s ]
INFO: [ template_filter ] --END-- [ RunTime:0.001000s ]
NOTIC: [8] Use of undefined constant active - assumed 'active' C:\php workspace\hair\Application\Runtime\Cache\Home\abff067bfd7a19adb2d93fa4c055825d.php 第 95 行.
INFO: Run Behavior\ParseTemplateBehavior [ RunTime:0.128008s ]
INFO: [ view_parse ] --END-- [ RunTime:0.128008s ]
INFO: [ view_filter ] --START--
INFO: Run Behavior\WriteHtmlCacheBehavior [ RunTime:0.005000s ]
INFO: [ view_filter ] --END-- [ RunTime:0.006000s ]
INFO: [ app_end ] --START--
INFO: Run Behavior\ShowPageTraceBehavior [ RunTime:0.002000s ]
INFO: [ app_end ] --END-- [ RunTime:0.263015s ]

[ 2016-06-27T15:26:24+09:00 ] ::1 /hair/index.php/Home/employee/employeePositionProcess/
INFO: [ app_init ] --START--
INFO: Run Behavior\BuildLiteBehavior [ RunTime:0.000000s ]
INFO: [ app_init ] --END-- [ RunTime:0.002000s ]
INFO: [ app_begin ] --START--
INFO: Run Behavior\ReadHtmlCacheBehavior [ RunTime:0.002000s ]
INFO: [ app_begin ] --END-- [ RunTime:0.002000s ]
SQL: SHOW COLUMNS FROM `employee_position_big` [ RunTime:0.0140s ]
SQL: UPDATE `employee_position_big` SET `EMPLOYEE_POSITION_BIG_NAME`='设计师',`UPD_DATE`='2016-06-27 15:26:24',`UPD_USER`='1' WHERE ( EMPLOYEE_POSITION_BIG_ID = 1 ) [ RunTime:0.0310s ]
SQL: UPDATE `employee_position_big` SET `EMPLOYEE_POSITION_BIG_NAME`='中工',`UPD_DATE`='2016-06-27 15:26:24',`UPD_USER`='1' WHERE ( EMPLOYEE_POSITION_BIG_ID = 2 ) [ RunTime:0.0020s ]
SQL: UPDATE `employee_position_big` SET `EMPLOYEE_POSITION_BIG_NAME`='助理',`UPD_DATE`='2016-06-27 15:26:24',`UPD_USER`='1' WHERE ( EMPLOYEE_POSITION_BIG_ID = 3 ) [ RunTime:0.0020s ]
SQL: SHOW COLUMNS FROM `employee_position` [ RunTime:0.0130s ]
SQL: UPDATE `employee_position` SET `EMPLOYEE_POSITION_NAME`='高级设计师',`UPD_DATE`='2016-06-27 15:26:24',`UPD_USER`='1' WHERE ( EMPLOYEE_POSITION_ID = 1 ) [ RunTime:0.0020s ]
SQL: UPDATE `employee_position` SET `EMPLOYEE_POSITION_NAME`='中级设计师',`UPD_DATE`='2016-06-27 15:26:24',`UPD_USER`='1' WHERE ( EMPLOYEE_POSITION_ID = 1 ) [ RunTime:0.0030s ]
SQL: UPDATE `employee_position` SET `EMPLOYEE_POSITION_NAME`='普通设计师',`UPD_DATE`='2016-06-27 15:26:24',`UPD_USER`='1' WHERE ( EMPLOYEE_POSITION_ID = 1 ) [ RunTime:0.0020s ]
SQL: UPDATE `employee_position` SET `EMPLOYEE_POSITION_NAME`='',`UPD_DATE`='2016-06-27 15:26:24',`UPD_USER`='1' WHERE ( EMPLOYEE_POSITION_ID = 1 ) [ RunTime:0.0020s ]
SQL: UPDATE `employee_position` SET `EMPLOYEE_POSITION_NAME`='高级中工',`UPD_DATE`='2016-06-27 15:26:24',`UPD_USER`='1' WHERE ( EMPLOYEE_POSITION_ID = 4 ) [ RunTime:0.0030s ]
SQL: UPDATE `employee_position` SET `EMPLOYEE_POSITION_NAME`='中级中工',`UPD_DATE`='2016-06-27 15:26:24',`UPD_USER`='1' WHERE ( EMPLOYEE_POSITION_ID = 4 ) [ RunTime:0.0020s ]
SQL: UPDATE `employee_position` SET `EMPLOYEE_POSITION_NAME`='普通中工',`UPD_DATE`='2016-06-27 15:26:24',`UPD_USER`='1' WHERE ( EMPLOYEE_POSITION_ID = 4 ) [ RunTime:0.0020s ]
SQL: UPDATE `employee_position` SET `EMPLOYEE_POSITION_NAME`='',`UPD_DATE`='2016-06-27 15:26:24',`UPD_USER`='1' WHERE ( EMPLOYEE_POSITION_ID = 4 ) [ RunTime:0.0030s ]
SQL: UPDATE `employee_position` SET `EMPLOYEE_POSITION_NAME`='高级助理',`UPD_DATE`='2016-06-27 15:26:24',`UPD_USER`='1' WHERE ( EMPLOYEE_POSITION_ID = 7 ) [ RunTime:0.0020s ]
SQL: UPDATE `employee_position` SET `EMPLOYEE_POSITION_NAME`='中级助理',`UPD_DATE`='2016-06-27 15:26:24',`UPD_USER`='1' WHERE ( EMPLOYEE_POSITION_ID = 7 ) [ RunTime:0.0020s ]
SQL: UPDATE `employee_position` SET `EMPLOYEE_POSITION_NAME`='普通助理',`UPD_DATE`='2016-06-27 15:26:24',`UPD_USER`='1' WHERE ( EMPLOYEE_POSITION_ID = 7 ) [ RunTime:0.0020s ]
SQL: UPDATE `employee_position` SET `EMPLOYEE_POSITION_NAME`='',`UPD_DATE`='2016-06-27 15:26:24',`UPD_USER`='1' WHERE ( EMPLOYEE_POSITION_ID = 7 ) [ RunTime:0.0020s ]

[ 2016-06-27T14:26:25+08:00 ] ::1 /hair/index.php/Home/employee/employeeList
INFO: [ app_init ] --START--
INFO: Run Behavior\BuildLiteBehavior [ RunTime:0.001000s ]
INFO: [ app_init ] --END-- [ RunTime:0.002000s ]
INFO: [ app_begin ] --START--
INFO: Run Behavior\ReadHtmlCacheBehavior [ RunTime:0.001000s ]
INFO: [ app_begin ] --END-- [ RunTime:0.002000s ]
SQL: SHOW COLUMNS FROM `employee` [ RunTime:0.0330s ]
SQL: SELECT employee.EMPLOYEE_ID AS `EMPLOYEE_ID`,employee.EMPLOYEE_NO AS `EMPLOYEE_NO`,employee.EMPLOYEE_NAME AS `EMPLOYEE_NAME`,employee.EMPLOYEE_SEX AS `EMPLOYEE_SEX`,employee.EMPLOYEE_POSITION_ID AS `EMPLOYEE_POSITION_ID`,employee_position.EMPLOYEE_POSITION_NAME AS `EMPLOYEE_POSITION_NAME`,employee_position_big.EMPLOYEE_POSITION_BIG_ID AS `EMPLOYEE_POSITION_BIG_ID`,employee.EMPLOYEE_STATUS AS `EMPLOYEE_STATUS`,employee.EMPLOYEE_TEL AS `EMPLOYEE_TEL`,employee.EMPLOYEE_ID_CARD AS `EMPLOYEE_ID_CARD`,employee.EMPLOYEE_BANK_NO AS `EMPLOYEE_BANK_NO`,employee.EMPLOYEE_BIRTHDAY AS `EMPLOYEE_BIRTHDAY`,employee.EMPLOYEE_WORK_DATE AS `EMPLOYEE_WORK_DATE` FROM `employee` LEFT JOIN employee_position ON employee.EMPLOYEE_POSITION_ID = employee_position.EMPLOYEE_POSITION_ID AND employee_position.DEL_FLG = "0" LEFT JOIN employee_position_big ON employee_position_big.EMPLOYEE_POSITION_BIG_ID = employee_position.EMPLOYEE_POSITION_BIG_ID AND employee_position.DEL_FLG = "0"  WHERE ( employee.DEL_FLG = "0" )  [ RunTime:0.0010s ]
INFO: [ view_parse ] --START--
INFO: [ template_filter ] --START--
INFO: Run Behavior\ContentReplaceBehavior [ RunTime:0.007001s ]
INFO: [ template_filter ] --END-- [ RunTime:0.007001s ]
NOTIC: [8] Use of undefined constant active - assumed 'active' C:\php workspace\hair\Application\Runtime\Cache\Home\8bbd033f5f83f0739ce7e06be27f3967.php 第 87 行.
NOTIC: [8] Use of undefined constant active - assumed 'active' C:\php workspace\hair\Application\Runtime\Cache\Home\8bbd033f5f83f0739ce7e06be27f3967.php 第 144 行.
INFO: Run Behavior\ParseTemplateBehavior [ RunTime:0.248015s ]
INFO: [ view_parse ] --END-- [ RunTime:0.248015s ]
INFO: [ view_filter ] --START--
INFO: Run Behavior\WriteHtmlCacheBehavior [ RunTime:0.005000s ]
INFO: [ view_filter ] --END-- [ RunTime:0.013000s ]
INFO: [ app_end ] --START--
INFO: Run Behavior\ShowPageTraceBehavior [ RunTime:0.003000s ]
INFO: [ app_end ] --END-- [ RunTime:0.003000s ]

[ 2016-06-27T16:50:47+08:00 ] ::1 /hair/index.php/Home/employee/toEmployeeAdd
INFO: [ app_init ] --START--
INFO: Run Behavior\BuildLiteBehavior [ RunTime:0.000000s ]
INFO: [ app_init ] --END-- [ RunTime:0.002000s ]
INFO: [ app_begin ] --START--
INFO: Run Behavior\ReadHtmlCacheBehavior [ RunTime:0.011000s ]
INFO: [ app_begin ] --END-- [ RunTime:0.012000s ]
SQL: SHOW COLUMNS FROM `employee_position_big` [ RunTime:0.0190s ]
SQL: SELECT * FROM `employee_position_big` WHERE ( DEL_FLG = "0" )  [ RunTime:0.0020s ]
SQL: SHOW COLUMNS FROM `employee_position` [ RunTime:0.0160s ]
SQL: SELECT * FROM `employee_position` WHERE ( DEL_FLG = "0" )  [ RunTime:0.0050s ]
INFO: [ view_parse ] --START--
INFO: [ template_filter ] --START--
INFO: Run Behavior\ContentReplaceBehavior [ RunTime:0.001000s ]
INFO: [ template_filter ] --END-- [ RunTime:0.001000s ]
NOTIC: [8] Use of undefined constant active - assumed 'active' C:\php workspace\hair\Application\Runtime\Cache\Home\d9603bb200871dd1f3787a1b93c9d362.php 第 95 行.
INFO: Run Behavior\ParseTemplateBehavior [ RunTime:0.191011s ]
INFO: [ view_parse ] --END-- [ RunTime:0.192011s ]
INFO: [ view_filter ] --START--
INFO: Run Behavior\WriteHtmlCacheBehavior [ RunTime:0.002000s ]
INFO: [ view_filter ] --END-- [ RunTime:0.002000s ]
INFO: [ app_end ] --START--
INFO: Run Behavior\ShowPageTraceBehavior [ RunTime:1.054060s ]
INFO: [ app_end ] --END-- [ RunTime:1.097063s ]

[ 2016-06-27T17:01:44+08:00 ] ::1 /hair/index.php/Home/employee/employeeList
INFO: [ app_init ] --START--
INFO: Run Behavior\BuildLiteBehavior [ RunTime:0.000000s ]
INFO: [ app_init ] --END-- [ RunTime:0.002000s ]
INFO: [ app_begin ] --START--
INFO: Run Behavior\ReadHtmlCacheBehavior [ RunTime:0.002001s ]
INFO: [ app_begin ] --END-- [ RunTime:0.002001s ]
SQL: SHOW COLUMNS FROM `employee` [ RunTime:0.0220s ]
SQL: SELECT employee.EMPLOYEE_ID AS `EMPLOYEE_ID`,employee.EMPLOYEE_NO AS `EMPLOYEE_NO`,employee.EMPLOYEE_NAME AS `EMPLOYEE_NAME`,employee.EMPLOYEE_SEX AS `EMPLOYEE_SEX`,employee.EMPLOYEE_POSITION_ID AS `EMPLOYEE_POSITION_ID`,employee_position.EMPLOYEE_POSITION_NAME AS `EMPLOYEE_POSITION_NAME`,employee_position_big.EMPLOYEE_POSITION_BIG_ID AS `EMPLOYEE_POSITION_BIG_ID`,employee.EMPLOYEE_STATUS AS `EMPLOYEE_STATUS`,employee.EMPLOYEE_TEL AS `EMPLOYEE_TEL`,employee.EMPLOYEE_ID_CARD AS `EMPLOYEE_ID_CARD`,employee.EMPLOYEE_BANK_NO AS `EMPLOYEE_BANK_NO`,employee.EMPLOYEE_BIRTHDAY AS `EMPLOYEE_BIRTHDAY`,employee.EMPLOYEE_WORK_DATE AS `EMPLOYEE_WORK_DATE` FROM `employee` LEFT JOIN employee_position ON employee.EMPLOYEE_POSITION_ID = employee_position.EMPLOYEE_POSITION_ID AND employee_position.DEL_FLG = "0" LEFT JOIN employee_position_big ON employee_position_big.EMPLOYEE_POSITION_BIG_ID = employee_position.EMPLOYEE_POSITION_BIG_ID AND employee_position.DEL_FLG = "0"  WHERE ( employee.DEL_FLG = "0" )  [ RunTime:0.0270s ]
INFO: [ view_parse ] --START--
INFO: [ template_filter ] --START--
INFO: Run Behavior\ContentReplaceBehavior [ RunTime:0.000000s ]
INFO: [ template_filter ] --END-- [ RunTime:0.001000s ]
NOTIC: [8] Use of undefined constant active - assumed 'active' C:\php workspace\hair\Application\Runtime\Cache\Home\8bbd033f5f83f0739ce7e06be27f3967.php 第 87 行.
NOTIC: [8] Use of undefined constant active - assumed 'active' C:\php workspace\hair\Application\Runtime\Cache\Home\8bbd033f5f83f0739ce7e06be27f3967.php 第 144 行.
INFO: Run Behavior\ParseTemplateBehavior [ RunTime:0.131007s ]
INFO: [ view_parse ] --END-- [ RunTime:0.131007s ]
INFO: [ view_filter ] --START--
INFO: Run Behavior\WriteHtmlCacheBehavior [ RunTime:0.006001s ]
INFO: [ view_filter ] --END-- [ RunTime:0.006001s ]
INFO: [ app_end ] --START--
INFO: Run Behavior\ShowPageTraceBehavior [ RunTime:0.002000s ]
INFO: [ app_end ] --END-- [ RunTime:0.002000s ]

[ 2016-06-27T17:07:16+08:00 ] ::1 /hair/index.php/Home/employee/toEmployeePositionList
INFO: [ app_init ] --START--
INFO: Run Behavior\BuildLiteBehavior [ RunTime:0.000000s ]
INFO: [ app_init ] --END-- [ RunTime:0.005000s ]
INFO: [ app_begin ] --START--
INFO: Run Behavior\ReadHtmlCacheBehavior [ RunTime:0.003000s ]
INFO: [ app_begin ] --END-- [ RunTime:0.003000s ]
SQL: SHOW COLUMNS FROM `employee_position_big` [ RunTime:0.0160s ]
SQL: SELECT * FROM `employee_position_big` WHERE ( DEL_FLG = "0" )  [ RunTime:0.0010s ]
SQL: SHOW COLUMNS FROM `employee_position` [ RunTime:0.0190s ]
SQL: SELECT * FROM `employee_position` WHERE ( DEL_FLG = "0" )  [ RunTime:0.0050s ]
INFO: [ view_parse ] --START--
INFO: [ template_filter ] --START--
INFO: Run Behavior\ContentReplaceBehavior [ RunTime:0.001000s ]
INFO: [ template_filter ] --END-- [ RunTime:0.010001s ]
NOTIC: [8] Use of undefined constant active - assumed 'active' C:\php workspace\hair\Application\Runtime\Cache\Home\abff067bfd7a19adb2d93fa4c055825d.php 第 95 行.
INFO: Run Behavior\ParseTemplateBehavior [ RunTime:0.168009s ]
INFO: [ view_parse ] --END-- [ RunTime:0.168009s ]
INFO: [ view_filter ] --START--
INFO: Run Behavior\WriteHtmlCacheBehavior [ RunTime:0.002000s ]
INFO: [ view_filter ] --END-- [ RunTime:0.002000s ]
INFO: [ app_end ] --START--
INFO: Run Behavior\ShowPageTraceBehavior [ RunTime:0.001000s ]
INFO: [ app_end ] --END-- [ RunTime:0.227013s ]

[ 2016-06-27T17:07:26+08:00 ] ::1 /hair/index.php/Home/employee/toEmployeePositionList
INFO: [ app_init ] --START--
INFO: Run Behavior\BuildLiteBehavior [ RunTime:0.001001s ]
INFO: [ app_init ] --END-- [ RunTime:0.002001s ]
INFO: [ app_begin ] --START--
INFO: Run Behavior\ReadHtmlCacheBehavior [ RunTime:0.002000s ]
INFO: [ app_begin ] --END-- [ RunTime:0.003000s ]
SQL: SHOW COLUMNS FROM `employee_position_big` [ RunTime:0.0230s ]
SQL: SELECT * FROM `employee_position_big` WHERE ( DEL_FLG = "0" )  [ RunTime:0.0010s ]
SQL: SHOW COLUMNS FROM `employee_position` [ RunTime:0.0140s ]
SQL: SELECT * FROM `employee_position` WHERE ( DEL_FLG = "0" )  [ RunTime:0.0050s ]
INFO: [ view_parse ] --START--
INFO: [ template_filter ] --START--
INFO: Run Behavior\ContentReplaceBehavior [ RunTime:0.001000s ]
INFO: [ template_filter ] --END-- [ RunTime:0.001000s ]
NOTIC: [8] Use of undefined constant active - assumed 'active' C:\php workspace\hair\Application\Runtime\Cache\Home\abff067bfd7a19adb2d93fa4c055825d.php 第 95 行.
INFO: Run Behavior\ParseTemplateBehavior [ RunTime:0.134007s ]
INFO: [ view_parse ] --END-- [ RunTime:0.135007s ]
INFO: [ view_filter ] --START--
INFO: Run Behavior\WriteHtmlCacheBehavior [ RunTime:0.002001s ]
INFO: [ view_filter ] --END-- [ RunTime:0.002001s ]
INFO: [ app_end ] --START--
INFO: Run Behavior\ShowPageTraceBehavior [ RunTime:0.003000s ]
INFO: [ app_end ] --END-- [ RunTime:0.003000s ]

[ 2016-06-27T17:09:23+08:00 ] ::1 /hair/index.php/Home/employee/toEmployeePositionList
INFO: [ app_init ] --START--
INFO: Run Behavior\BuildLiteBehavior [ RunTime:0.000000s ]
INFO: [ app_init ] --END-- [ RunTime:0.001000s ]
INFO: [ app_begin ] --START--
INFO: Run Behavior\ReadHtmlCacheBehavior [ RunTime:0.012001s ]
INFO: [ app_begin ] --END-- [ RunTime:0.012001s ]
SQL: SHOW COLUMNS FROM `employee_position_big` [ RunTime:0.0170s ]
SQL: SELECT * FROM `employee_position_big` WHERE ( DEL_FLG = "0" )  [ RunTime:0.0010s ]
SQL: SHOW COLUMNS FROM `employee_position` [ RunTime:0.0180s ]
SQL: SELECT * FROM `employee_position` WHERE ( DEL_FLG = "0" )  [ RunTime:0.0010s ]
INFO: [ view_parse ] --START--
INFO: [ template_filter ] --START--
INFO: Run Behavior\ContentReplaceBehavior [ RunTime:0.000000s ]
INFO: [ template_filter ] --END-- [ RunTime:0.000000s ]
NOTIC: [8] Use of undefined constant active - assumed 'active' C:\php workspace\hair\Application\Runtime\Cache\Home\abff067bfd7a19adb2d93fa4c055825d.php 第 95 行.
INFO: Run Behavior\ParseTemplateBehavior [ RunTime:0.152009s ]
INFO: [ view_parse ] --END-- [ RunTime:0.152009s ]
INFO: [ view_filter ] --START--
INFO: Run Behavior\WriteHtmlCacheBehavior [ RunTime:0.002000s ]
INFO: [ view_filter ] --END-- [ RunTime:0.002000s ]
INFO: [ app_end ] --START--
INFO: Run Behavior\ShowPageTraceBehavior [ RunTime:0.002000s ]
INFO: [ app_end ] --END-- [ RunTime:0.002000s ]

[ 2016-06-27T18:29:13+09:00 ] ::1 /hair/index.php/Home/employee/employeePositionProcess/
INFO: [ app_init ] --START--
INFO: Run Behavior\BuildLiteBehavior [ RunTime:0.000000s ]
INFO: [ app_init ] --END-- [ RunTime:0.002001s ]
INFO: [ app_begin ] --START--
INFO: Run Behavior\ReadHtmlCacheBehavior [ RunTime:0.021001s ]
INFO: [ app_begin ] --END-- [ RunTime:0.021001s ]
SQL: SHOW COLUMNS FROM `employee_position_big` [ RunTime:0.0140s ]
SQL: UPDATE `employee_position_big` SET `EMPLOYEE_POSITION_BIG_NAME`='设计师',`UPD_DATE`='2016-06-27 18:29:13',`UPD_USER`='1' WHERE ( EMPLOYEE_POSITION_BIG_ID = 1 ) [ RunTime:0.2490s ]
SQL: UPDATE `employee_position_big` SET `EMPLOYEE_POSITION_BIG_NAME`='中工',`UPD_DATE`='2016-06-27 18:29:13',`UPD_USER`='1' WHERE ( EMPLOYEE_POSITION_BIG_ID = 2 ) [ RunTime:0.0180s ]
SQL: UPDATE `employee_position_big` SET `EMPLOYEE_POSITION_BIG_NAME`='助理',`UPD_DATE`='2016-06-27 18:29:13',`UPD_USER`='1' WHERE ( EMPLOYEE_POSITION_BIG_ID = 3 ) [ RunTime:0.0160s ]
SQL: SHOW COLUMNS FROM `employee_position` [ RunTime:0.0130s ]
SQL: UPDATE `employee_position` SET `EMPLOYEE_POSITION_NAME`='高级设计师',`UPD_DATE`='2016-06-27 18:29:13',`UPD_USER`='1' WHERE ( EMPLOYEE_POSITION_ID = 1 ) [ RunTime:0.0540s ]
SQL: UPDATE `employee_position` SET `EMPLOYEE_POSITION_NAME`='中级设计师',`UPD_DATE`='2016-06-27 18:29:13',`UPD_USER`='1' WHERE ( EMPLOYEE_POSITION_ID = 1 ) [ RunTime:0.0020s ]
SQL: UPDATE `employee_position` SET `EMPLOYEE_POSITION_NAME`='普通设计师',`UPD_DATE`='2016-06-27 18:29:13',`UPD_USER`='1' WHERE ( EMPLOYEE_POSITION_ID = 1 ) [ RunTime:0.0030s ]
SQL: UPDATE `employee_position` SET `EMPLOYEE_POSITION_NAME`='',`UPD_DATE`='2016-06-27 18:29:13',`UPD_USER`='1' WHERE ( EMPLOYEE_POSITION_ID = 1 ) [ RunTime:0.0090s ]
SQL: UPDATE `employee_position` SET `EMPLOYEE_POSITION_NAME`='',`UPD_DATE`='2016-06-27 18:29:13',`UPD_USER`='1' WHERE ( EMPLOYEE_POSITION_ID = 4 ) [ RunTime:0.0020s ]
SQL: UPDATE `employee_position` SET `EMPLOYEE_POSITION_NAME`='中级中工',`UPD_DATE`='2016-06-27 18:29:13',`UPD_USER`='1' WHERE ( EMPLOYEE_POSITION_ID = 4 ) [ RunTime:0.0030s ]
SQL: UPDATE `employee_position` SET `EMPLOYEE_POSITION_NAME`='普通中工',`UPD_DATE`='2016-06-27 18:29:13',`UPD_USER`='1' WHERE ( EMPLOYEE_POSITION_ID = 4 ) [ RunTime:0.0020s ]
SQL: UPDATE `employee_position` SET `EMPLOYEE_POSITION_NAME`='',`UPD_DATE`='2016-06-27 18:29:13',`UPD_USER`='1' WHERE ( EMPLOYEE_POSITION_ID = 4 ) [ RunTime:0.0030s ]
SQL: UPDATE `employee_position` SET `EMPLOYEE_POSITION_NAME`='',`UPD_DATE`='2016-06-27 18:29:13',`UPD_USER`='1' WHERE ( EMPLOYEE_POSITION_ID = 7 ) [ RunTime:0.0020s ]
SQL: UPDATE `employee_position` SET `EMPLOYEE_POSITION_NAME`='中级助理',`UPD_DATE`='2016-06-27 18:29:13',`UPD_USER`='1' WHERE ( EMPLOYEE_POSITION_ID = 7 ) [ RunTime:0.0020s ]
SQL: UPDATE `employee_position` SET `EMPLOYEE_POSITION_NAME`='普通助理',`UPD_DATE`='2016-06-27 18:29:13',`UPD_USER`='1' WHERE ( EMPLOYEE_POSITION_ID = 7 ) [ RunTime:0.0020s ]
SQL: UPDATE `employee_position` SET `EMPLOYEE_POSITION_NAME`='',`UPD_DATE`='2016-06-27 18:29:13',`UPD_USER`='1' WHERE ( EMPLOYEE_POSITION_ID = 7 ) [ RunTime:0.0260s ]

[ 2016-06-27T17:29:14+08:00 ] ::1 /hair/index.php/Home/employee/employeeList
INFO: [ app_init ] --START--
INFO: Run Behavior\BuildLiteBehavior [ RunTime:0.000000s ]
INFO: [ app_init ] --END-- [ RunTime:0.002000s ]
INFO: [ app_begin ] --START--
INFO: Run Behavior\ReadHtmlCacheBehavior [ RunTime:0.001000s ]
INFO: [ app_begin ] --END-- [ RunTime:0.002000s ]
SQL: SHOW COLUMNS FROM `employee` [ RunTime:0.0340s ]
SQL: SELECT employee.EMPLOYEE_ID AS `EMPLOYEE_ID`,employee.EMPLOYEE_NO AS `EMPLOYEE_NO`,employee.EMPLOYEE_NAME AS `EMPLOYEE_NAME`,employee.EMPLOYEE_SEX AS `EMPLOYEE_SEX`,employee.EMPLOYEE_POSITION_ID AS `EMPLOYEE_POSITION_ID`,employee_position.EMPLOYEE_POSITION_NAME AS `EMPLOYEE_POSITION_NAME`,employee_position_big.EMPLOYEE_POSITION_BIG_ID AS `EMPLOYEE_POSITION_BIG_ID`,employee.EMPLOYEE_STATUS AS `EMPLOYEE_STATUS`,employee.EMPLOYEE_TEL AS `EMPLOYEE_TEL`,employee.EMPLOYEE_ID_CARD AS `EMPLOYEE_ID_CARD`,employee.EMPLOYEE_BANK_NO AS `EMPLOYEE_BANK_NO`,employee.EMPLOYEE_BIRTHDAY AS `EMPLOYEE_BIRTHDAY`,employee.EMPLOYEE_WORK_DATE AS `EMPLOYEE_WORK_DATE` FROM `employee` LEFT JOIN employee_position ON employee.EMPLOYEE_POSITION_ID = employee_position.EMPLOYEE_POSITION_ID AND employee_position.DEL_FLG = "0" LEFT JOIN employee_position_big ON employee_position_big.EMPLOYEE_POSITION_BIG_ID = employee_position.EMPLOYEE_POSITION_BIG_ID AND employee_position.DEL_FLG = "0"  WHERE ( employee.DEL_FLG = "0" )  [ RunTime:0.0070s ]
INFO: [ view_parse ] --START--
INFO: [ template_filter ] --START--
INFO: Run Behavior\ContentReplaceBehavior [ RunTime:0.001000s ]
INFO: [ template_filter ] --END-- [ RunTime:0.001000s ]
NOTIC: [8] Use of undefined constant active - assumed 'active' C:\php workspace\hair\Application\Runtime\Cache\Home\8bbd033f5f83f0739ce7e06be27f3967.php 第 87 行.
NOTIC: [8] Use of undefined constant active - assumed 'active' C:\php workspace\hair\Application\Runtime\Cache\Home\8bbd033f5f83f0739ce7e06be27f3967.php 第 144 行.
INFO: Run Behavior\ParseTemplateBehavior [ RunTime:0.177010s ]
INFO: [ view_parse ] --END-- [ RunTime:0.179011s ]
INFO: [ view_filter ] --START--
INFO: Run Behavior\WriteHtmlCacheBehavior [ RunTime:0.002000s ]
INFO: [ view_filter ] --END-- [ RunTime:0.011000s ]
INFO: [ app_end ] --START--
INFO: Run Behavior\ShowPageTraceBehavior [ RunTime:0.002000s ]
INFO: [ app_end ] --END-- [ RunTime:0.002000s ]

[ 2016-06-27T17:29:18+08:00 ] ::1 /hair/index.php/Home/employee/toEmployeePositionList
INFO: [ app_init ] --START--
INFO: Run Behavior\BuildLiteBehavior [ RunTime:0.000000s ]
INFO: [ app_init ] --END-- [ RunTime:0.002000s ]
INFO: [ app_begin ] --START--
INFO: Run Behavior\ReadHtmlCacheBehavior [ RunTime:0.002000s ]
INFO: [ app_begin ] --END-- [ RunTime:0.002000s ]
SQL: SHOW COLUMNS FROM `employee_position_big` [ RunTime:0.0310s ]
SQL: SELECT * FROM `employee_position_big` WHERE ( DEL_FLG = "0" )  [ RunTime:0.0010s ]
SQL: SHOW COLUMNS FROM `employee_position` [ RunTime:0.0300s ]
SQL: SELECT * FROM `employee_position` WHERE ( DEL_FLG = "0" )  [ RunTime:0.0020s ]
INFO: [ view_parse ] --START--
INFO: [ template_filter ] --START--
INFO: Run Behavior\ContentReplaceBehavior [ RunTime:0.003000s ]
INFO: [ template_filter ] --END-- [ RunTime:0.004000s ]
NOTIC: [8] Use of undefined constant active - assumed 'active' C:\php workspace\hair\Application\Runtime\Cache\Home\abff067bfd7a19adb2d93fa4c055825d.php 第 95 行.
INFO: Run Behavior\ParseTemplateBehavior [ RunTime:0.150009s ]
INFO: [ view_parse ] --END-- [ RunTime:0.150009s ]
INFO: [ view_filter ] --START--
INFO: Run Behavior\WriteHtmlCacheBehavior [ RunTime:0.041002s ]
INFO: [ view_filter ] --END-- [ RunTime:0.041002s ]
INFO: [ app_end ] --START--
INFO: Run Behavior\ShowPageTraceBehavior [ RunTime:0.015001s ]
INFO: [ app_end ] --END-- [ RunTime:0.016001s ]

[ 2016-06-27T17:32:21+08:00 ] ::1 /hair/index.php/Home/employee/toEmployeePositionList
INFO: [ app_init ] --START--
INFO: Run Behavior\BuildLiteBehavior [ RunTime:0.000000s ]
INFO: [ app_init ] --END-- [ RunTime:0.002000s ]
INFO: [ app_begin ] --START--
INFO: Run Behavior\ReadHtmlCacheBehavior [ RunTime:0.007000s ]
INFO: [ app_begin ] --END-- [ RunTime:0.007000s ]
SQL: SHOW COLUMNS FROM `employee_position_big` [ RunTime:0.0160s ]
SQL: SELECT * FROM `employee_position_big` WHERE ( DEL_FLG = "0" )  [ RunTime:0.0010s ]
SQL: SHOW COLUMNS FROM `employee_position` [ RunTime:0.0250s ]
SQL: SELECT * FROM `employee_position` WHERE ( DEL_FLG = "0" )  [ RunTime:0.0010s ]
INFO: [ view_parse ] --START--
INFO: [ template_filter ] --START--
INFO: Run Behavior\ContentReplaceBehavior [ RunTime:0.000000s ]
INFO: [ template_filter ] --END-- [ RunTime:0.001000s ]
NOTIC: [8] Use of undefined constant active - assumed 'active' C:\php workspace\hair\Application\Runtime\Cache\Home\abff067bfd7a19adb2d93fa4c055825d.php 第 95 行.
INFO: Run Behavior\ParseTemplateBehavior [ RunTime:0.144008s ]
INFO: [ view_parse ] --END-- [ RunTime:0.144008s ]
INFO: [ view_filter ] --START--
INFO: Run Behavior\WriteHtmlCacheBehavior [ RunTime:0.002000s ]
INFO: [ view_filter ] --END-- [ RunTime:0.003000s ]
INFO: [ app_end ] --START--
INFO: Run Behavior\ShowPageTraceBehavior [ RunTime:0.002000s ]
INFO: [ app_end ] --END-- [ RunTime:0.003000s ]

[ 2016-06-27T18:33:38+09:00 ] ::1 /hair/index.php/Home/employee/employeePositionProcess/
INFO: [ app_init ] --START--
INFO: Run Behavior\BuildLiteBehavior [ RunTime:0.000000s ]
INFO: [ app_init ] --END-- [ RunTime:0.002000s ]
INFO: [ app_begin ] --START--
INFO: Run Behavior\ReadHtmlCacheBehavior [ RunTime:0.002000s ]
INFO: [ app_begin ] --END-- [ RunTime:0.003000s ]
SQL: SHOW COLUMNS FROM `employee_position_big` [ RunTime:0.0220s ]
SQL: UPDATE `employee_position_big` SET `EMPLOYEE_POSITION_BIG_NAME`='设计师',`UPD_DATE`='2016-06-27 18:33:38',`UPD_USER`='1' WHERE ( EMPLOYEE_POSITION_BIG_ID = 1 ) [ RunTime:0.0200s ]
SQL: UPDATE `employee_position_big` SET `EMPLOYEE_POSITION_BIG_NAME`='中工',`UPD_DATE`='2016-06-27 18:33:38',`UPD_USER`='1' WHERE ( EMPLOYEE_POSITION_BIG_ID = 2 ) [ RunTime:0.0010s ]
SQL: UPDATE `employee_position_big` SET `EMPLOYEE_POSITION_BIG_NAME`='助理',`UPD_DATE`='2016-06-27 18:33:38',`UPD_USER`='1' WHERE ( EMPLOYEE_POSITION_BIG_ID = 3 ) [ RunTime:0.0030s ]
SQL: SHOW COLUMNS FROM `employee_position` [ RunTime:0.0350s ]
SQL: UPDATE `employee_position` SET `EMPLOYEE_POSITION_NAME`='高级设计师',`UPD_DATE`='2016-06-27 18:33:38',`UPD_USER`='1' WHERE ( EMPLOYEE_POSITION_ID = 1 ) [ RunTime:0.0150s ]
SQL: UPDATE `employee_position` SET `EMPLOYEE_POSITION_NAME`='中级设计师',`UPD_DATE`='2016-06-27 18:33:38',`UPD_USER`='1' WHERE ( EMPLOYEE_POSITION_ID = 1 ) [ RunTime:0.0110s ]
SQL: UPDATE `employee_position` SET `EMPLOYEE_POSITION_NAME`='普通设计师',`UPD_DATE`='2016-06-27 18:33:38',`UPD_USER`='1' WHERE ( EMPLOYEE_POSITION_ID = 1 ) [ RunTime:0.0020s ]
SQL: UPDATE `employee_position` SET `EMPLOYEE_POSITION_NAME`='',`UPD_DATE`='2016-06-27 18:33:38',`UPD_USER`='1' WHERE ( EMPLOYEE_POSITION_ID = 1 ) [ RunTime:0.0090s ]
SQL: UPDATE `employee_position` SET `EMPLOYEE_POSITION_NAME`='高级中工',`UPD_DATE`='2016-06-27 18:33:38',`UPD_USER`='1' WHERE ( EMPLOYEE_POSITION_ID = 4 ) [ RunTime:0.0100s ]
SQL: UPDATE `employee_position` SET `EMPLOYEE_POSITION_NAME`='中级中工',`UPD_DATE`='2016-06-27 18:33:38',`UPD_USER`='1' WHERE ( EMPLOYEE_POSITION_ID = 4 ) [ RunTime:0.0030s ]
SQL: UPDATE `employee_position` SET `EMPLOYEE_POSITION_NAME`='普通中工',`UPD_DATE`='2016-06-27 18:33:38',`UPD_USER`='1' WHERE ( EMPLOYEE_POSITION_ID = 4 ) [ RunTime:0.0020s ]
SQL: UPDATE `employee_position` SET `EMPLOYEE_POSITION_NAME`='',`UPD_DATE`='2016-06-27 18:33:38',`UPD_USER`='1' WHERE ( EMPLOYEE_POSITION_ID = 4 ) [ RunTime:0.1130s ]
SQL: UPDATE `employee_position` SET `EMPLOYEE_POSITION_NAME`='高级助理',`UPD_DATE`='2016-06-27 18:33:38',`UPD_USER`='1' WHERE ( EMPLOYEE_POSITION_ID = 7 ) [ RunTime:0.0370s ]
SQL: UPDATE `employee_position` SET `EMPLOYEE_POSITION_NAME`='中级助理',`UPD_DATE`='2016-06-27 18:33:38',`UPD_USER`='1' WHERE ( EMPLOYEE_POSITION_ID = 7 ) [ RunTime:0.0300s ]
SQL: UPDATE `employee_position` SET `EMPLOYEE_POSITION_NAME`='普通助理',`UPD_DATE`='2016-06-27 18:33:38',`UPD_USER`='1' WHERE ( EMPLOYEE_POSITION_ID = 7 ) [ RunTime:0.0020s ]
SQL: UPDATE `employee_position` SET `EMPLOYEE_POSITION_NAME`='',`UPD_DATE`='2016-06-27 18:33:38',`UPD_USER`='1' WHERE ( EMPLOYEE_POSITION_ID = 7 ) [ RunTime:0.0070s ]

[ 2016-06-27T18:34:18+09:00 ] ::1 /hair/index.php/Home/employee/employeePositionProcess/
INFO: [ app_init ] --START--
INFO: Run Behavior\BuildLiteBehavior [ RunTime:0.000000s ]
INFO: [ app_init ] --END-- [ RunTime:0.002000s ]
INFO: [ app_begin ] --START--
INFO: Run Behavior\ReadHtmlCacheBehavior [ RunTime:0.001000s ]
INFO: [ app_begin ] --END-- [ RunTime:0.003000s ]
SQL: SHOW COLUMNS FROM `employee_position_big` [ RunTime:0.0190s ]
SQL: UPDATE `employee_position_big` SET `EMPLOYEE_POSITION_BIG_NAME`='设计师',`UPD_DATE`='2016-06-27 18:34:17',`UPD_USER`='1' WHERE ( EMPLOYEE_POSITION_BIG_ID = 1 ) [ RunTime:0.0070s ]
SQL: UPDATE `employee_position_big` SET `EMPLOYEE_POSITION_BIG_NAME`='中工',`UPD_DATE`='2016-06-27 18:34:17',`UPD_USER`='1' WHERE ( EMPLOYEE_POSITION_BIG_ID = 2 ) [ RunTime:0.0120s ]
SQL: UPDATE `employee_position_big` SET `EMPLOYEE_POSITION_BIG_NAME`='助理',`UPD_DATE`='2016-06-27 18:34:17',`UPD_USER`='1' WHERE ( EMPLOYEE_POSITION_BIG_ID = 3 ) [ RunTime:0.0020s ]
SQL: SHOW COLUMNS FROM `employee_position` [ RunTime:0.0170s ]
SQL: UPDATE `employee_position` SET `EMPLOYEE_POSITION_NAME`='高级设计师',`UPD_DATE`='2016-06-27 18:34:17',`UPD_USER`='1' WHERE ( EMPLOYEE_POSITION_ID = 1 ) [ RunTime:0.0250s ]
SQL: UPDATE `employee_position` SET `EMPLOYEE_POSITION_NAME`='中级设计师',`UPD_DATE`='2016-06-27 18:34:17',`UPD_USER`='1' WHERE ( EMPLOYEE_POSITION_ID = 1 ) [ RunTime:0.0190s ]
SQL: UPDATE `employee_position` SET `EMPLOYEE_POSITION_NAME`='普通设计师',`UPD_DATE`='2016-06-27 18:34:17',`UPD_USER`='1' WHERE ( EMPLOYEE_POSITION_ID = 1 ) [ RunTime:0.0060s ]
SQL: UPDATE `employee_position` SET `EMPLOYEE_POSITION_NAME`='',`UPD_DATE`='2016-06-27 18:34:17',`UPD_USER`='1' WHERE ( EMPLOYEE_POSITION_ID = 1 ) [ RunTime:0.0050s ]
SQL: UPDATE `employee_position` SET `EMPLOYEE_POSITION_NAME`='高级中工',`UPD_DATE`='2016-06-27 18:34:17',`UPD_USER`='1' WHERE ( EMPLOYEE_POSITION_ID = 4 ) [ RunTime:0.0030s ]
SQL: UPDATE `employee_position` SET `EMPLOYEE_POSITION_NAME`='中级中工',`UPD_DATE`='2016-06-27 18:34:17',`UPD_USER`='1' WHERE ( EMPLOYEE_POSITION_ID = 4 ) [ RunTime:0.0040s ]
SQL: UPDATE `employee_position` SET `EMPLOYEE_POSITION_NAME`='普通中工',`UPD_DATE`='2016-06-27 18:34:17',`UPD_USER`='1' WHERE ( EMPLOYEE_POSITION_ID = 4 ) [ RunTime:0.0330s ]
SQL: UPDATE `employee_position` SET `EMPLOYEE_POSITION_NAME`='',`UPD_DATE`='2016-06-27 18:34:18',`UPD_USER`='1' WHERE ( EMPLOYEE_POSITION_ID = 4 ) [ RunTime:0.0390s ]
SQL: UPDATE `employee_position` SET `EMPLOYEE_POSITION_NAME`='高级助理',`UPD_DATE`='2016-06-27 18:34:18',`UPD_USER`='1' WHERE ( EMPLOYEE_POSITION_ID = 7 ) [ RunTime:0.0100s ]
SQL: UPDATE `employee_position` SET `EMPLOYEE_POSITION_NAME`='中级助理',`UPD_DATE`='2016-06-27 18:34:18',`UPD_USER`='1' WHERE ( EMPLOYEE_POSITION_ID = 7 ) [ RunTime:0.0220s ]
SQL: UPDATE `employee_position` SET `EMPLOYEE_POSITION_NAME`='普通助理',`UPD_DATE`='2016-06-27 18:34:18',`UPD_USER`='1' WHERE ( EMPLOYEE_POSITION_ID = 7 ) [ RunTime:0.0050s ]
SQL: UPDATE `employee_position` SET `EMPLOYEE_POSITION_NAME`='',`UPD_DATE`='2016-06-27 18:34:18',`UPD_USER`='1' WHERE ( EMPLOYEE_POSITION_ID = 7 ) [ RunTime:0.0290s ]

[ 2016-06-27T18:34:36+09:00 ] ::1 /hair/index.php/Home/employee/employeePositionProcess/
INFO: [ app_init ] --START--
INFO: Run Behavior\BuildLiteBehavior [ RunTime:0.001001s ]
INFO: [ app_init ] --END-- [ RunTime:0.006001s ]
INFO: [ app_begin ] --START--
INFO: Run Behavior\ReadHtmlCacheBehavior [ RunTime:0.004000s ]
INFO: [ app_begin ] --END-- [ RunTime:0.005000s ]
SQL: SHOW COLUMNS FROM `employee_position_big` [ RunTime:0.0260s ]
SQL: UPDATE `employee_position_big` SET `EMPLOYEE_POSITION_BIG_NAME`='设计师',`UPD_DATE`='2016-06-27 18:34:36',`UPD_USER`='1' WHERE ( EMPLOYEE_POSITION_BIG_ID = 1 ) [ RunTime:0.0050s ]
SQL: UPDATE `employee_position_big` SET `EMPLOYEE_POSITION_BIG_NAME`='中工',`UPD_DATE`='2016-06-27 18:34:36',`UPD_USER`='1' WHERE ( EMPLOYEE_POSITION_BIG_ID = 2 ) [ RunTime:0.0160s ]
SQL: UPDATE `employee_position_big` SET `EMPLOYEE_POSITION_BIG_NAME`='助理',`UPD_DATE`='2016-06-27 18:34:36',`UPD_USER`='1' WHERE ( EMPLOYEE_POSITION_BIG_ID = 3 ) [ RunTime:0.0050s ]
SQL: SHOW COLUMNS FROM `employee_position` [ RunTime:0.0190s ]
SQL: UPDATE `employee_position` SET `EMPLOYEE_POSITION_NAME`='高级设计师',`UPD_DATE`='2016-06-27 18:34:36',`UPD_USER`='1' WHERE ( EMPLOYEE_POSITION_ID = 1 ) [ RunTime:0.0150s ]
SQL: UPDATE `employee_position` SET `EMPLOYEE_POSITION_NAME`='中级设计师',`UPD_DATE`='2016-06-27 18:34:36',`UPD_USER`='1' WHERE ( EMPLOYEE_POSITION_ID = 1 ) [ RunTime:0.0140s ]
SQL: UPDATE `employee_position` SET `EMPLOYEE_POSITION_NAME`='普通设计师',`UPD_DATE`='2016-06-27 18:34:36',`UPD_USER`='1' WHERE ( EMPLOYEE_POSITION_ID = 1 ) [ RunTime:0.0150s ]
SQL: UPDATE `employee_position` SET `EMPLOYEE_POSITION_NAME`='',`UPD_DATE`='2016-06-27 18:34:36',`UPD_USER`='1' WHERE ( EMPLOYEE_POSITION_ID = 1 ) [ RunTime:0.0020s ]
SQL: UPDATE `employee_position` SET `EMPLOYEE_POSITION_NAME`='高级中工',`UPD_DATE`='2016-06-27 18:34:36',`UPD_USER`='1' WHERE ( EMPLOYEE_POSITION_ID = 4 ) [ RunTime:0.0080s ]
SQL: UPDATE `employee_position` SET `EMPLOYEE_POSITION_NAME`='中级中工',`UPD_DATE`='2016-06-27 18:34:36',`UPD_USER`='1' WHERE ( EMPLOYEE_POSITION_ID = 4 ) [ RunTime:0.0020s ]
SQL: UPDATE `employee_position` SET `EMPLOYEE_POSITION_NAME`='普通中工',`UPD_DATE`='2016-06-27 18:34:36',`UPD_USER`='1' WHERE ( EMPLOYEE_POSITION_ID = 4 ) [ RunTime:0.0020s ]
SQL: UPDATE `employee_position` SET `EMPLOYEE_POSITION_NAME`='',`UPD_DATE`='2016-06-27 18:34:36',`UPD_USER`='1' WHERE ( EMPLOYEE_POSITION_ID = 4 ) [ RunTime:0.0020s ]
SQL: UPDATE `employee_position` SET `EMPLOYEE_POSITION_NAME`='高级助理',`UPD_DATE`='2016-06-27 18:34:36',`UPD_USER`='1' WHERE ( EMPLOYEE_POSITION_ID = 7 ) [ RunTime:0.0020s ]
SQL: UPDATE `employee_position` SET `EMPLOYEE_POSITION_NAME`='中级助理',`UPD_DATE`='2016-06-27 18:34:36',`UPD_USER`='1' WHERE ( EMPLOYEE_POSITION_ID = 7 ) [ RunTime:0.0020s ]
SQL: UPDATE `employee_position` SET `EMPLOYEE_POSITION_NAME`='普通助理',`UPD_DATE`='2016-06-27 18:34:36',`UPD_USER`='1' WHERE ( EMPLOYEE_POSITION_ID = 7 ) [ RunTime:0.0060s ]
SQL: UPDATE `employee_position` SET `EMPLOYEE_POSITION_NAME`='',`UPD_DATE`='2016-06-27 18:34:36',`UPD_USER`='1' WHERE ( EMPLOYEE_POSITION_ID = 7 ) [ RunTime:0.0030s ]

[ 2016-06-27T18:35:19+09:00 ] ::1 /hair/index.php/Home/employee/employeePositionProcess/
INFO: [ app_init ] --START--
INFO: Run Behavior\BuildLiteBehavior [ RunTime:0.001000s ]
INFO: [ app_init ] --END-- [ RunTime:0.002000s ]
INFO: [ app_begin ] --START--
INFO: Run Behavior\ReadHtmlCacheBehavior [ RunTime:0.012001s ]
INFO: [ app_begin ] --END-- [ RunTime:0.012001s ]
SQL: SHOW COLUMNS FROM `employee_position_big` [ RunTime:0.0330s ]
SQL: UPDATE `employee_position_big` SET `EMPLOYEE_POSITION_BIG_NAME`='设计师',`UPD_DATE`='2016-06-27 18:35:19',`UPD_USER`='1' WHERE ( EMPLOYEE_POSITION_BIG_ID = 1 ) [ RunTime:0.0030s ]
SQL: UPDATE `employee_position_big` SET `EMPLOYEE_POSITION_BIG_NAME`='中工',`UPD_DATE`='2016-06-27 18:35:19',`UPD_USER`='1' WHERE ( EMPLOYEE_POSITION_BIG_ID = 2 ) [ RunTime:0.0020s ]
SQL: UPDATE `employee_position_big` SET `EMPLOYEE_POSITION_BIG_NAME`='助理',`UPD_DATE`='2016-06-27 18:35:19',`UPD_USER`='1' WHERE ( EMPLOYEE_POSITION_BIG_ID = 3 ) [ RunTime:0.0070s ]
SQL: SHOW COLUMNS FROM `employee_position` [ RunTime:0.0170s ]
SQL: UPDATE `employee_position` SET `EMPLOYEE_POSITION_NAME`='高级设计师',`UPD_DATE`='2016-06-27 18:35:19',`UPD_USER`='1' WHERE ( EMPLOYEE_POSITION_ID = 1 ) [ RunTime:0.0020s ]
SQL: UPDATE `employee_position` SET `EMPLOYEE_POSITION_NAME`='中级设计师',`UPD_DATE`='2016-06-27 18:35:19',`UPD_USER`='1' WHERE ( EMPLOYEE_POSITION_ID = 1 ) [ RunTime:0.0020s ]
SQL: UPDATE `employee_position` SET `EMPLOYEE_POSITION_NAME`='普通设计师',`UPD_DATE`='2016-06-27 18:35:19',`UPD_USER`='1' WHERE ( EMPLOYEE_POSITION_ID = 1 ) [ RunTime:0.0050s ]
SQL: UPDATE `employee_position` SET `EMPLOYEE_POSITION_NAME`='',`UPD_DATE`='2016-06-27 18:35:19',`UPD_USER`='1' WHERE ( EMPLOYEE_POSITION_ID = 1 ) [ RunTime:0.0040s ]
SQL: UPDATE `employee_position` SET `EMPLOYEE_POSITION_NAME`='高级中工',`UPD_DATE`='2016-06-27 18:35:19',`UPD_USER`='1' WHERE ( EMPLOYEE_POSITION_ID = 4 ) [ RunTime:0.0050s ]
SQL: UPDATE `employee_position` SET `EMPLOYEE_POSITION_NAME`='中级中工',`UPD_DATE`='2016-06-27 18:35:19',`UPD_USER`='1' WHERE ( EMPLOYEE_POSITION_ID = 4 ) [ RunTime:0.0020s ]
SQL: UPDATE `employee_position` SET `EMPLOYEE_POSITION_NAME`='普通中工',`UPD_DATE`='2016-06-27 18:35:19',`UPD_USER`='1' WHERE ( EMPLOYEE_POSITION_ID = 4 ) [ RunTime:0.0020s ]
SQL: UPDATE `employee_position` SET `EMPLOYEE_POSITION_NAME`='',`UPD_DATE`='2016-06-27 18:35:19',`UPD_USER`='1' WHERE ( EMPLOYEE_POSITION_ID = 4 ) [ RunTime:0.0040s ]
SQL: UPDATE `employee_position` SET `EMPLOYEE_POSITION_NAME`='高级助理',`UPD_DATE`='2016-06-27 18:35:19',`UPD_USER`='1' WHERE ( EMPLOYEE_POSITION_ID = 7 ) [ RunTime:0.0040s ]
SQL: UPDATE `employee_position` SET `EMPLOYEE_POSITION_NAME`='中级助理',`UPD_DATE`='2016-06-27 18:35:19',`UPD_USER`='1' WHERE ( EMPLOYEE_POSITION_ID = 7 ) [ RunTime:0.0020s ]
SQL: UPDATE `employee_position` SET `EMPLOYEE_POSITION_NAME`='普通助理',`UPD_DATE`='2016-06-27 18:35:19',`UPD_USER`='1' WHERE ( EMPLOYEE_POSITION_ID = 7 ) [ RunTime:0.0020s ]
SQL: UPDATE `employee_position` SET `EMPLOYEE_POSITION_NAME`='',`UPD_DATE`='2016-06-27 18:35:19',`UPD_USER`='1' WHERE ( EMPLOYEE_POSITION_ID = 7 ) [ RunTime:0.0020s ]

[ 2016-06-27T18:36:43+09:00 ] ::1 /hair/index.php/Home/employee/employeePositionProcess/
INFO: [ app_init ] --START--
INFO: Run Behavior\BuildLiteBehavior [ RunTime:0.001000s ]
INFO: [ app_init ] --END-- [ RunTime:0.002001s ]
INFO: [ app_begin ] --START--
INFO: Run Behavior\ReadHtmlCacheBehavior [ RunTime:0.002000s ]
INFO: [ app_begin ] --END-- [ RunTime:0.003000s ]
SQL: SHOW COLUMNS FROM `employee_position_big` [ RunTime:0.0450s ]
SQL: UPDATE `employee_position_big` SET `EMPLOYEE_POSITION_BIG_NAME`='设计师',`UPD_DATE`='2016-06-27 18:36:43',`UPD_USER`='1' WHERE ( EMPLOYEE_POSITION_BIG_ID = 1 ) [ RunTime:0.0160s ]
SQL: UPDATE `employee_position_big` SET `EMPLOYEE_POSITION_BIG_NAME`='中工',`UPD_DATE`='2016-06-27 18:36:43',`UPD_USER`='1' WHERE ( EMPLOYEE_POSITION_BIG_ID = 2 ) [ RunTime:0.0040s ]
SQL: UPDATE `employee_position_big` SET `EMPLOYEE_POSITION_BIG_NAME`='助理',`UPD_DATE`='2016-06-27 18:36:43',`UPD_USER`='1' WHERE ( EMPLOYEE_POSITION_BIG_ID = 3 ) [ RunTime:0.0030s ]
SQL: SHOW COLUMNS FROM `employee_position` [ RunTime:0.0500s ]
SQL: UPDATE `employee_position` SET `EMPLOYEE_POSITION_NAME`='高级设计师',`UPD_DATE`='2016-06-27 18:36:43',`UPD_USER`='1' WHERE ( EMPLOYEE_POSITION_ID = 1 ) [ RunTime:0.0020s ]
SQL: UPDATE `employee_position` SET `EMPLOYEE_POSITION_NAME`='中级设计师',`UPD_DATE`='2016-06-27 18:36:43',`UPD_USER`='1' WHERE ( EMPLOYEE_POSITION_ID = 1 ) [ RunTime:0.0020s ]
SQL: UPDATE `employee_position` SET `EMPLOYEE_POSITION_NAME`='普通设计师',`UPD_DATE`='2016-06-27 18:36:43',`UPD_USER`='1' WHERE ( EMPLOYEE_POSITION_ID = 1 ) [ RunTime:0.0750s ]
SQL: UPDATE `employee_position` SET `EMPLOYEE_POSITION_NAME`='',`UPD_DATE`='2016-06-27 18:36:43',`UPD_USER`='1' WHERE ( EMPLOYEE_POSITION_ID = 1 ) [ RunTime:0.0080s ]
SQL: UPDATE `employee_position` SET `EMPLOYEE_POSITION_NAME`='高级中工',`UPD_DATE`='2016-06-27 18:36:43',`UPD_USER`='1' WHERE ( EMPLOYEE_POSITION_ID = 4 ) [ RunTime:0.0020s ]
SQL: UPDATE `employee_position` SET `EMPLOYEE_POSITION_NAME`='中级中工',`UPD_DATE`='2016-06-27 18:36:43',`UPD_USER`='1' WHERE ( EMPLOYEE_POSITION_ID = 4 ) [ RunTime:0.0010s ]
SQL: UPDATE `employee_position` SET `EMPLOYEE_POSITION_NAME`='普通中工',`UPD_DATE`='2016-06-27 18:36:43',`UPD_USER`='1' WHERE ( EMPLOYEE_POSITION_ID = 4 ) [ RunTime:0.0020s ]
SQL: UPDATE `employee_position` SET `EMPLOYEE_POSITION_NAME`='',`UPD_DATE`='2016-06-27 18:36:43',`UPD_USER`='1' WHERE ( EMPLOYEE_POSITION_ID = 4 ) [ RunTime:0.0150s ]
SQL: UPDATE `employee_position` SET `EMPLOYEE_POSITION_NAME`='高级助理',`UPD_DATE`='2016-06-27 18:36:43',`UPD_USER`='1' WHERE ( EMPLOYEE_POSITION_ID = 7 ) [ RunTime:0.0020s ]
SQL: UPDATE `employee_position` SET `EMPLOYEE_POSITION_NAME`='中级助理',`UPD_DATE`='2016-06-27 18:36:43',`UPD_USER`='1' WHERE ( EMPLOYEE_POSITION_ID = 7 ) [ RunTime:0.0020s ]
SQL: UPDATE `employee_position` SET `EMPLOYEE_POSITION_NAME`='普通助理',`UPD_DATE`='2016-06-27 18:36:43',`UPD_USER`='1' WHERE ( EMPLOYEE_POSITION_ID = 7 ) [ RunTime:0.0070s ]
SQL: UPDATE `employee_position` SET `EMPLOYEE_POSITION_NAME`='',`UPD_DATE`='2016-06-27 18:36:43',`UPD_USER`='1' WHERE ( EMPLOYEE_POSITION_ID = 7 ) [ RunTime:0.0020s ]

[ 2016-06-27T17:38:19+08:00 ] ::1 /hair/
INFO: [ app_init ] --START--
INFO: Run Behavior\BuildLiteBehavior [ RunTime:0.000000s ]
INFO: [ app_init ] --END-- [ RunTime:0.002001s ]
INFO: [ app_begin ] --START--
INFO: Run Behavior\ReadHtmlCacheBehavior [ RunTime:0.002000s ]
INFO: [ app_begin ] --END-- [ RunTime:0.002000s ]
SQL: SHOW COLUMNS FROM `member` [ RunTime:0.1260s ]
SQL: SELECT member.MEMBER_ID AS `MEMBER_ID`,member.MEMBER_NAME AS `MEMBER_NAME`,member.MEMBER_TEL AS `MEMBER_TEL`,member.MEMBER_BIRTHDAY AS `MEMBER_BIRTHDAY`,member.MEMBER_SEX AS `MEMBER_SEX`,member.MEMBER_MESSAGE AS `MEMBER_MESSAGE`,member.MEMBER_POINT AS `MEMBER_POINT`,member.MEMBER_BLOOD_TYPE AS `MEMBER_BLOOD_TYPE`,member.MEMBER_HEIGHT AS `MEMBER_HEIGHT`,member.MEMBER_WEIGHT AS `MEMBER_WEIGHT`,member.MEMBER_HOBBY AS `MEMBER_HOBBY`,member.MEMBER_HOME_TEL AS `MEMBER_HOME_TEL`,member.MEMBER_ID_CARD AS `MEMBER_ID_CARD`,member.MEMBER_ADDRESS AS `MEMBER_ADDRESS`,member.MEMBER_WORK AS `MEMBER_WORK`,member.MEMBER_COMMENT AS `MEMBER_COMMENT`,member.MEMBER_MARRAY AS `MEMBER_MARRAY`,member.MEMBER_IMG AS `MEMBER_IMG`,member.MEMBER_SKIN_COMMENT AS `MEMBER_SKIN_COMMENT`,member.MEMBER_EFFECT_COMMENT AS `MEMBER_EFFECT_COMMENT`,member.MEMBER_OTHER_COMMENT AS `MEMBER_OTHER_COMMENT`,member_card.MEMBER_CARD_ID AS `MEMBER_CARD_ID`,member_card.MEMBER_CARD_NO AS `MEMBER_CARD_NO`,member_card.BALANCE_MONEY AS `BALANCE_MONEY`,member_card.ARREARS_MONEY AS `ARREARS_MONEY`,member_card.GIFT_MONEY AS `GIFT_MONEY`,member_card.MEMBER_CARD_DISCOUNT AS `MEMBER_CARD_DISCOUNT`,member_card.PAY_AMOUNG AS `PAY_AMOUNG`,member_card.LAST_PAY_DATE AS `LAST_PAY_DATE`,member_card_type.MEMBER_CARD_TYPE_ID AS `MEMBER_CARD_TYPE_ID`,member_card_type.MEMBER_CARD_TYPE_NAME AS `MEMBER_CARD_TYPE_NAME` FROM `member` left join member_card on member.MEMBER_ID = member_card.MEMBER_ID and member_card.DEL_FLG = "0"  left join member_card_type on member_card_type.MEMBER_CARD_TYPE_ID = member_card.MEMBER_CARD_TYPE_ID and member_card_type.DEL_FLG = "0"   WHERE ( member.DEL_FLG = "0" )  [ RunTime:0.1040s ]
SQL: SHOW COLUMNS FROM `service_category` [ RunTime:0.0190s ]
SQL: SELECT * FROM `service_category` WHERE ( DEL_FLG ="0" )  [ RunTime:0.0010s ]
SQL: SHOW COLUMNS FROM `service` [ RunTime:0.0390s ]
SQL: SELECT service.SERVICE_ID AS `SERVICE_ID`,service.SERVICE_NAME AS `SERVICE_NAME`,service_category.CATEGORY_ID AS `CATEGORY_ID`,service_category.CATEGORY_NAME AS `CATEGORY_NAME`,service_type.TYPE_ID AS `TYPE_ID`,service_type.TYPE_NAME AS `TYPE_NAME`,service.SERVICE_PRICE AS `SERVICE_PRICE`,service.HAND_PRICE AS `HAND_PRICE` FROM `service` LEFT JOIN service_category ON service_category.CATEGORY_ID = service.CATEGORY_ID AND service_category.DEL_FLG = "0" LEFT JOIN service_type ON service_type.TYPE_ID = service.TYPE_ID AND service_type.DEL_FLG = "0"  WHERE ( service.DEL_FLG = "0" )  [ RunTime:0.0040s ]
SQL: SHOW COLUMNS FROM `employee` [ RunTime:0.0290s ]
SQL: SELECT employee.EMPLOYEE_ID AS `EMPLOYEE_ID`,employee.EMPLOYEE_NO AS `EMPLOYEE_NO`,employee.EMPLOYEE_NAME AS `EMPLOYEE_NAME`,employee.EMPLOYEE_SEX AS `EMPLOYEE_SEX`,employee.EMPLOYEE_POSITION_ID AS `EMPLOYEE_POSITION_ID`,employee_position.EMPLOYEE_POSITION_NAME AS `EMPLOYEE_POSITION_NAME`,employee_position_big.EMPLOYEE_POSITION_BIG_ID AS `EMPLOYEE_POSITION_BIG_ID`,employee.EMPLOYEE_STATUS AS `EMPLOYEE_STATUS`,employee.EMPLOYEE_TEL AS `EMPLOYEE_TEL`,employee.EMPLOYEE_ID_CARD AS `EMPLOYEE_ID_CARD`,employee.EMPLOYEE_BANK_NO AS `EMPLOYEE_BANK_NO`,employee.EMPLOYEE_BIRTHDAY AS `EMPLOYEE_BIRTHDAY`,employee.EMPLOYEE_WORK_DATE AS `EMPLOYEE_WORK_DATE` FROM `employee` LEFT JOIN employee_position ON employee.EMPLOYEE_POSITION_ID = employee_position.EMPLOYEE_POSITION_ID AND employee_position.DEL_FLG = "0" LEFT JOIN employee_position_big ON employee_position_big.EMPLOYEE_POSITION_BIG_ID = employee_position.EMPLOYEE_POSITION_BIG_ID AND employee_position.DEL_FLG = "0"  WHERE ( employee.DEL_FLG = "0" )  [ RunTime:0.0010s ]
SQL: SHOW COLUMNS FROM `course_category` [ RunTime:0.0230s ]
SQL: SELECT * FROM `course_category` WHERE ( DEL_FLG = "0" )  [ RunTime:0.0160s ]
SQL: SHOW COLUMNS FROM `course` [ RunTime:0.0170s ]
SQL: SELECT course.COURSE_ID AS `COURSE_ID`,course.COURSE_NAME AS `COURSE_NAME`,course_category.CATEGORY_ID AS `CATEGORY_ID`,course_category.CATEGORY_NAME AS `CATEGORY_NAME`,course.COURSE_PRICE AS `COURSE_PRICE`,course.COURSE_VALUE AS `COURSE_VALUE`,course.COURSE_STATUS AS `COURSE_STATUS` FROM `course` LEFT JOIN course_category ON course_category.CATEGORY_ID = course.CATEGORY_ID AND course_category.DEL_FLG = "0"  WHERE ( course.DEL_FLG = "0" )  [ RunTime:0.0010s ]
SQL: SHOW COLUMNS FROM `member_card_type` [ RunTime:0.0230s ]
SQL: SELECT * FROM `member_card_type` WHERE ( member_card_type.DEL_FLG = "0" )  [ RunTime:0.0010s ]
INFO: [ view_parse ] --START--
INFO: [ template_filter ] --START--
INFO: Run Behavior\ContentReplaceBehavior [ RunTime:0.001000s ]
INFO: [ template_filter ] --END-- [ RunTime:0.001000s ]
NOTIC: [8] Undefined index: service_no C:\php workspace\hair\Application\Runtime\Cache\Home\2c3d1f1be75d2e89905f649ec6a2b2eb.php 第 855 行.
NOTIC: [8] Undefined index: sell_price C:\php workspace\hair\Application\Runtime\Cache\Home\2c3d1f1be75d2e89905f649ec6a2b2eb.php 第 855 行.
NOTIC: [8] Undefined index: service_no C:\php workspace\hair\Application\Runtime\Cache\Home\2c3d1f1be75d2e89905f649ec6a2b2eb.php 第 855 行.
NOTIC: [8] Undefined index: sell_price C:\php workspace\hair\Application\Runtime\Cache\Home\2c3d1f1be75d2e89905f649ec6a2b2eb.php 第 855 行.
NOTIC: [8] Undefined index: service_no C:\php workspace\hair\Application\Runtime\Cache\Home\2c3d1f1be75d2e89905f649ec6a2b2eb.php 第 855 行.
NOTIC: [8] Undefined index: sell_price C:\php workspace\hair\Application\Runtime\Cache\Home\2c3d1f1be75d2e89905f649ec6a2b2eb.php 第 855 行.
NOTIC: [8] Undefined index: service_no C:\php workspace\hair\Application\Runtime\Cache\Home\2c3d1f1be75d2e89905f649ec6a2b2eb.php 第 855 行.
NOTIC: [8] Undefined index: sell_price C:\php workspace\hair\Application\Runtime\Cache\Home\2c3d1f1be75d2e89905f649ec6a2b2eb.php 第 855 行.
NOTIC: [8] Undefined index: service_no C:\php workspace\hair\Application\Runtime\Cache\Home\2c3d1f1be75d2e89905f649ec6a2b2eb.php 第 855 行.
NOTIC: [8] Undefined index: sell_price C:\php workspace\hair\Application\Runtime\Cache\Home\2c3d1f1be75d2e89905f649ec6a2b2eb.php 第 855 行.
NOTIC: [8] Undefined index: service_no C:\php workspace\hair\Application\Runtime\Cache\Home\2c3d1f1be75d2e89905f649ec6a2b2eb.php 第 855 行.
NOTIC: [8] Undefined index: sell_price C:\php workspace\hair\Application\Runtime\Cache\Home\2c3d1f1be75d2e89905f649ec6a2b2eb.php 第 855 行.
NOTIC: [8] Undefined index: service_no C:\php workspace\hair\Application\Runtime\Cache\Home\2c3d1f1be75d2e89905f649ec6a2b2eb.php 第 855 行.
NOTIC: [8] Undefined index: sell_price C:\php workspace\hair\Application\Runtime\Cache\Home\2c3d1f1be75d2e89905f649ec6a2b2eb.php 第 855 行.
NOTIC: [8] Undefined index: service_no C:\php workspace\hair\Application\Runtime\Cache\Home\2c3d1f1be75d2e89905f649ec6a2b2eb.php 第 855 行.
NOTIC: [8] Undefined index: sell_price C:\php workspace\hair\Application\Runtime\Cache\Home\2c3d1f1be75d2e89905f649ec6a2b2eb.php 第 855 行.
NOTIC: [8] Undefined index: service_no C:\php workspace\hair\Application\Runtime\Cache\Home\2c3d1f1be75d2e89905f649ec6a2b2eb.php 第 855 行.
NOTIC: [8] Undefined index: sell_price C:\php workspace\hair\Application\Runtime\Cache\Home\2c3d1f1be75d2e89905f649ec6a2b2eb.php 第 855 行.
NOTIC: [8] Undefined index: service_no C:\php workspace\hair\Application\Runtime\Cache\Home\2c3d1f1be75d2e89905f649ec6a2b2eb.php 第 855 行.
NOTIC: [8] Undefined index: sell_price C:\php workspace\hair\Application\Runtime\Cache\Home\2c3d1f1be75d2e89905f649ec6a2b2eb.php 第 855 行.
NOTIC: [8] Undefined index: service_no C:\php workspace\hair\Application\Runtime\Cache\Home\2c3d1f1be75d2e89905f649ec6a2b2eb.php 第 855 行.
NOTIC: [8] Undefined index: sell_price C:\php workspace\hair\Application\Runtime\Cache\Home\2c3d1f1be75d2e89905f649ec6a2b2eb.php 第 855 行.
NOTIC: [8] Undefined index: service_no C:\php workspace\hair\Application\Runtime\Cache\Home\2c3d1f1be75d2e89905f649ec6a2b2eb.php 第 855 行.
NOTIC: [8] Undefined index: sell_price C:\php workspace\hair\Application\Runtime\Cache\Home\2c3d1f1be75d2e89905f649ec6a2b2eb.php 第 855 行.
NOTIC: [8] Undefined index: service_no C:\php workspace\hair\Application\Runtime\Cache\Home\2c3d1f1be75d2e89905f649ec6a2b2eb.php 第 855 行.
NOTIC: [8] Undefined index: sell_price C:\php workspace\hair\Application\Runtime\Cache\Home\2c3d1f1be75d2e89905f649ec6a2b2eb.php 第 855 行.
NOTIC: [8] Undefined index: service_no C:\php workspace\hair\Application\Runtime\Cache\Home\2c3d1f1be75d2e89905f649ec6a2b2eb.php 第 855 行.
NOTIC: [8] Undefined index: sell_price C:\php workspace\hair\Application\Runtime\Cache\Home\2c3d1f1be75d2e89905f649ec6a2b2eb.php 第 855 行.
INFO: Run Behavior\ParseTemplateBehavior [ RunTime:0.254015s ]
INFO: [ view_parse ] --END-- [ RunTime:0.254015s ]
INFO: [ view_filter ] --START--
INFO: Run Behavior\WriteHtmlCacheBehavior [ RunTime:0.002000s ]
INFO: [ view_filter ] --END-- [ RunTime:0.007000s ]
INFO: [ app_end ] --START--
INFO: Run Behavior\ShowPageTraceBehavior [ RunTime:0.002000s ]
INFO: [ app_end ] --END-- [ RunTime:0.003000s ]

[ 2016-06-27T17:38:25+08:00 ] ::1 /hair/index.php/Home/employee/employeeList
INFO: [ app_init ] --START--
INFO: Run Behavior\BuildLiteBehavior [ RunTime:0.000000s ]
INFO: [ app_init ] --END-- [ RunTime:0.001000s ]
INFO: [ app_begin ] --START--
INFO: Run Behavior\ReadHtmlCacheBehavior [ RunTime:0.002000s ]
INFO: [ app_begin ] --END-- [ RunTime:0.003000s ]
SQL: SHOW COLUMNS FROM `employee` [ RunTime:0.0190s ]
SQL: SELECT employee.EMPLOYEE_ID AS `EMPLOYEE_ID`,employee.EMPLOYEE_NO AS `EMPLOYEE_NO`,employee.EMPLOYEE_NAME AS `EMPLOYEE_NAME`,employee.EMPLOYEE_SEX AS `EMPLOYEE_SEX`,employee.EMPLOYEE_POSITION_ID AS `EMPLOYEE_POSITION_ID`,employee_position.EMPLOYEE_POSITION_NAME AS `EMPLOYEE_POSITION_NAME`,employee_position_big.EMPLOYEE_POSITION_BIG_ID AS `EMPLOYEE_POSITION_BIG_ID`,employee.EMPLOYEE_STATUS AS `EMPLOYEE_STATUS`,employee.EMPLOYEE_TEL AS `EMPLOYEE_TEL`,employee.EMPLOYEE_ID_CARD AS `EMPLOYEE_ID_CARD`,employee.EMPLOYEE_BANK_NO AS `EMPLOYEE_BANK_NO`,employee.EMPLOYEE_BIRTHDAY AS `EMPLOYEE_BIRTHDAY`,employee.EMPLOYEE_WORK_DATE AS `EMPLOYEE_WORK_DATE` FROM `employee` LEFT JOIN employee_position ON employee.EMPLOYEE_POSITION_ID = employee_position.EMPLOYEE_POSITION_ID AND employee_position.DEL_FLG = "0" LEFT JOIN employee_position_big ON employee_position_big.EMPLOYEE_POSITION_BIG_ID = employee_position.EMPLOYEE_POSITION_BIG_ID AND employee_position.DEL_FLG = "0"  WHERE ( employee.DEL_FLG = "0" )  [ RunTime:0.0020s ]
INFO: [ view_parse ] --START--
INFO: [ template_filter ] --START--
INFO: Run Behavior\ContentReplaceBehavior [ RunTime:0.001000s ]
INFO: [ template_filter ] --END-- [ RunTime:0.001000s ]
NOTIC: [8] Use of undefined constant active - assumed 'active' C:\php workspace\hair\Application\Runtime\Cache\Home\8bbd033f5f83f0739ce7e06be27f3967.php 第 87 行.
NOTIC: [8] Use of undefined constant active - assumed 'active' C:\php workspace\hair\Application\Runtime\Cache\Home\8bbd033f5f83f0739ce7e06be27f3967.php 第 144 行.
INFO: Run Behavior\ParseTemplateBehavior [ RunTime:0.154009s ]
INFO: [ view_parse ] --END-- [ RunTime:0.155009s ]
INFO: [ view_filter ] --START--
INFO: Run Behavior\WriteHtmlCacheBehavior [ RunTime:0.005000s ]
INFO: [ view_filter ] --END-- [ RunTime:0.005000s ]
INFO: [ app_end ] --START--
INFO: Run Behavior\ShowPageTraceBehavior [ RunTime:0.004000s ]
INFO: [ app_end ] --END-- [ RunTime:0.005000s ]

[ 2016-06-27T17:38:28+08:00 ] ::1 /hair/index.php/Home/employee/toEmployeePositionList
INFO: [ app_init ] --START--
INFO: Run Behavior\BuildLiteBehavior [ RunTime:0.000000s ]
INFO: [ app_init ] --END-- [ RunTime:0.002000s ]
INFO: [ app_begin ] --START--
INFO: Run Behavior\ReadHtmlCacheBehavior [ RunTime:0.002000s ]
INFO: [ app_begin ] --END-- [ RunTime:0.002000s ]
SQL: SHOW COLUMNS FROM `employee_position_big` [ RunTime:0.0200s ]
SQL: SELECT * FROM `employee_position_big` WHERE ( DEL_FLG = "0" )  [ RunTime:0.0010s ]
SQL: SHOW COLUMNS FROM `employee_position` [ RunTime:0.0220s ]
SQL: SELECT * FROM `employee_position` WHERE ( DEL_FLG = "0" )  [ RunTime:0.0010s ]
INFO: [ view_parse ] --START--
INFO: [ template_filter ] --START--
INFO: Run Behavior\ContentReplaceBehavior [ RunTime:0.000000s ]
INFO: [ template_filter ] --END-- [ RunTime:0.001000s ]
NOTIC: [8] Use of undefined constant active - assumed 'active' C:\php workspace\hair\Application\Runtime\Cache\Home\abff067bfd7a19adb2d93fa4c055825d.php 第 95 行.
INFO: Run Behavior\ParseTemplateBehavior [ RunTime:0.612035s ]
INFO: [ view_parse ] --END-- [ RunTime:0.613035s ]
INFO: [ view_filter ] --START--
INFO: Run Behavior\WriteHtmlCacheBehavior [ RunTime:0.002000s ]
INFO: [ view_filter ] --END-- [ RunTime:0.002000s ]
INFO: [ app_end ] --START--
INFO: Run Behavior\ShowPageTraceBehavior [ RunTime:0.001000s ]
INFO: [ app_end ] --END-- [ RunTime:0.003000s ]

[ 2016-06-27T17:40:06+08:00 ] ::1 /hair/index.php/Home/employee/toEmployeePositionList
INFO: [ app_init ] --START--
INFO: Run Behavior\BuildLiteBehavior [ RunTime:0.000000s ]
INFO: [ app_init ] --END-- [ RunTime:0.001000s ]
INFO: [ app_begin ] --START--
INFO: Run Behavior\ReadHtmlCacheBehavior [ RunTime:0.001000s ]
INFO: [ app_begin ] --END-- [ RunTime:0.002000s ]
SQL: SHOW COLUMNS FROM `employee_position_big` [ RunTime:0.0260s ]
SQL: SELECT * FROM `employee_position_big` WHERE ( DEL_FLG = "0" )  [ RunTime:0.0050s ]
SQL: SHOW COLUMNS FROM `employee_position` [ RunTime:0.0200s ]
SQL: SELECT * FROM `employee_position` WHERE ( DEL_FLG = "0" )  [ RunTime:0.0040s ]
INFO: [ view_parse ] --START--
INFO: [ template_filter ] --START--
INFO: Run Behavior\ContentReplaceBehavior [ RunTime:0.001000s ]
INFO: [ template_filter ] --END-- [ RunTime:0.001000s ]
NOTIC: [8] Use of undefined constant active - assumed 'active' C:\php workspace\hair\Application\Runtime\Cache\Home\abff067bfd7a19adb2d93fa4c055825d.php 第 95 行.
INFO: Run Behavior\ParseTemplateBehavior [ RunTime:0.242014s ]
INFO: [ view_parse ] --END-- [ RunTime:0.242014s ]
INFO: [ view_filter ] --START--
INFO: Run Behavior\WriteHtmlCacheBehavior [ RunTime:0.001000s ]
INFO: [ view_filter ] --END-- [ RunTime:0.002000s ]
INFO: [ app_end ] --START--
INFO: Run Behavior\ShowPageTraceBehavior [ RunTime:0.002000s ]
INFO: [ app_end ] --END-- [ RunTime:0.002000s ]

[ 2016-06-27T18:41:22+09:00 ] ::1 /hair/index.php/Home/employee/employeePositionProcess/
INFO: [ app_init ] --START--
INFO: Run Behavior\BuildLiteBehavior [ RunTime:0.000000s ]
INFO: [ app_init ] --END-- [ RunTime:0.002000s ]
INFO: [ app_begin ] --START--
INFO: Run Behavior\ReadHtmlCacheBehavior [ RunTime:0.002000s ]
INFO: [ app_begin ] --END-- [ RunTime:0.003000s ]
SQL: SHOW COLUMNS FROM `employee_position_big` [ RunTime:0.0170s ]
SQL: UPDATE `employee_position_big` SET `EMPLOYEE_POSITION_BIG_NAME`='设计师',`UPD_DATE`='2016-06-27 18:41:22',`UPD_USER`='1' WHERE ( EMPLOYEE_POSITION_BIG_ID = 1 ) [ RunTime:0.0110s ]
SQL: UPDATE `employee_position_big` SET `EMPLOYEE_POSITION_BIG_NAME`='中工',`UPD_DATE`='2016-06-27 18:41:22',`UPD_USER`='1' WHERE ( EMPLOYEE_POSITION_BIG_ID = 2 ) [ RunTime:0.0040s ]
SQL: UPDATE `employee_position_big` SET `EMPLOYEE_POSITION_BIG_NAME`='助理',`UPD_DATE`='2016-06-27 18:41:22',`UPD_USER`='1' WHERE ( EMPLOYEE_POSITION_BIG_ID = 3 ) [ RunTime:0.0020s ]
SQL: SHOW COLUMNS FROM `employee_position` [ RunTime:0.0130s ]
NOTIC: [8] Undefined offset: 1 C:\php workspace\hair\Application\Home\Controller\EmployeeController.class.php 第 395 行.
SQL: INSERT INTO `employee_position` (`EMPLOYEE_POSITION_BIG_ID`,`EMPLOYEE_POSITION_NAME`,`INS_DATE`,`INS_USER`,`UPD_DATE`,`UPD_USER`,`DEL_FLG`) VALUES ('1','','2016-06-27 18:41:22','1','2016-06-27 18:41:22','1','0') [ RunTime:0.1490s ]
NOTIC: [8] Undefined offset: 1 C:\php workspace\hair\Application\Home\Controller\EmployeeController.class.php 第 395 行.
SQL: INSERT INTO `employee_position` (`EMPLOYEE_POSITION_BIG_ID`,`EMPLOYEE_POSITION_NAME`,`INS_DATE`,`INS_USER`,`UPD_DATE`,`UPD_USER`,`DEL_FLG`) VALUES ('2','中级设计师','2016-06-27 18:41:22','1','2016-06-27 18:41:22','1','0') [ RunTime:0.0020s ]
NOTIC: [8] Undefined offset: 1 C:\php workspace\hair\Application\Home\Controller\EmployeeController.class.php 第 395 行.
SQL: INSERT INTO `employee_position` (`EMPLOYEE_POSITION_BIG_ID`,`EMPLOYEE_POSITION_NAME`,`INS_DATE`,`INS_USER`,`UPD_DATE`,`UPD_USER`,`DEL_FLG`) VALUES ('3','普通设计师','2016-06-27 18:41:22','1','2016-06-27 18:41:22','1','0') [ RunTime:0.0300s ]
NOTIC: [8] Undefined offset: 1 C:\php workspace\hair\Application\Home\Controller\EmployeeController.class.php 第 395 行.
SQL: INSERT INTO `employee_position` (`EMPLOYEE_POSITION_BIG_ID`,`EMPLOYEE_POSITION_NAME`,`INS_DATE`,`INS_USER`,`UPD_DATE`,`UPD_USER`,`DEL_FLG`) VALUES ('0','','2016-06-27 18:41:22','1','2016-06-27 18:41:22','1','0') [ RunTime:0.0360s ]
NOTIC: [8] Undefined offset: 1 C:\php workspace\hair\Application\Home\Controller\EmployeeController.class.php 第 395 行.
SQL: INSERT INTO `employee_position` (`EMPLOYEE_POSITION_BIG_ID`,`EMPLOYEE_POSITION_NAME`,`INS_DATE`,`INS_USER`,`UPD_DATE`,`UPD_USER`,`DEL_FLG`) VALUES ('4','','2016-06-27 18:41:22','1','2016-06-27 18:41:22','1','0') [ RunTime:0.0260s ]
NOTIC: [8] Undefined offset: 1 C:\php workspace\hair\Application\Home\Controller\EmployeeController.class.php 第 395 行.
SQL: INSERT INTO `employee_position` (`EMPLOYEE_POSITION_BIG_ID`,`EMPLOYEE_POSITION_NAME`,`INS_DATE`,`INS_USER`,`UPD_DATE`,`UPD_USER`,`DEL_FLG`) VALUES ('5','中级中工','2016-06-27 18:41:22','1','2016-06-27 18:41:22','1','0') [ RunTime:0.0630s ]
NOTIC: [8] Undefined offset: 1 C:\php workspace\hair\Application\Home\Controller\EmployeeController.class.php 第 395 行.
SQL: INSERT INTO `employee_position` (`EMPLOYEE_POSITION_BIG_ID`,`EMPLOYEE_POSITION_NAME`,`INS_DATE`,`INS_USER`,`UPD_DATE`,`UPD_USER`,`DEL_FLG`) VALUES ('6','普通中工','2016-06-27 18:41:22','1','2016-06-27 18:41:22','1','0') [ RunTime:0.0700s ]
NOTIC: [8] Undefined offset: 1 C:\php workspace\hair\Application\Home\Controller\EmployeeController.class.php 第 395 行.
SQL: INSERT INTO `employee_position` (`EMPLOYEE_POSITION_BIG_ID`,`EMPLOYEE_POSITION_NAME`,`INS_DATE`,`INS_USER`,`UPD_DATE`,`UPD_USER`,`DEL_FLG`) VALUES ('0','','2016-06-27 18:41:22','1','2016-06-27 18:41:22','1','0') [ RunTime:0.0490s ]
NOTIC: [8] Undefined offset: 1 C:\php workspace\hair\Application\Home\Controller\EmployeeController.class.php 第 395 行.
SQL: INSERT INTO `employee_position` (`EMPLOYEE_POSITION_BIG_ID`,`EMPLOYEE_POSITION_NAME`,`INS_DATE`,`INS_USER`,`UPD_DATE`,`UPD_USER`,`DEL_FLG`) VALUES ('7','','2016-06-27 18:41:22','1','2016-06-27 18:41:22','1','0') [ RunTime:0.0130s ]
NOTIC: [8] Undefined offset: 1 C:\php workspace\hair\Application\Home\Controller\EmployeeController.class.php 第 395 行.
SQL: INSERT INTO `employee_position` (`EMPLOYEE_POSITION_BIG_ID`,`EMPLOYEE_POSITION_NAME`,`INS_DATE`,`INS_USER`,`UPD_DATE`,`UPD_USER`,`DEL_FLG`) VALUES ('8','中级助理','2016-06-27 18:41:22','1','2016-06-27 18:41:22','1','0') [ RunTime:0.0110s ]
NOTIC: [8] Undefined offset: 1 C:\php workspace\hair\Application\Home\Controller\EmployeeController.class.php 第 395 行.
SQL: INSERT INTO `employee_position` (`EMPLOYEE_POSITION_BIG_ID`,`EMPLOYEE_POSITION_NAME`,`INS_DATE`,`INS_USER`,`UPD_DATE`,`UPD_USER`,`DEL_FLG`) VALUES ('9','普通助理','2016-06-27 18:41:22','1','2016-06-27 18:41:22','1','0') [ RunTime:0.0220s ]
NOTIC: [8] Undefined offset: 1 C:\php workspace\hair\Application\Home\Controller\EmployeeController.class.php 第 395 行.
SQL: INSERT INTO `employee_position` (`EMPLOYEE_POSITION_BIG_ID`,`EMPLOYEE_POSITION_NAME`,`INS_DATE`,`INS_USER`,`UPD_DATE`,`UPD_USER`,`DEL_FLG`) VALUES ('0','','2016-06-27 18:41:22','1','2016-06-27 18:41:22','1','0') [ RunTime:0.0060s ]

[ 2016-06-27T17:42:15+08:00 ] ::1 /hair/index.php/Home/employee/toEmployeePositionList
INFO: [ app_init ] --START--
INFO: Run Behavior\BuildLiteBehavior [ RunTime:0.000000s ]
INFO: [ app_init ] --END-- [ RunTime:0.002001s ]
INFO: [ app_begin ] --START--
INFO: Run Behavior\ReadHtmlCacheBehavior [ RunTime:0.001000s ]
INFO: [ app_begin ] --END-- [ RunTime:0.002000s ]
SQL: SHOW COLUMNS FROM `employee_position_big` [ RunTime:0.0220s ]
SQL: SELECT * FROM `employee_position_big` WHERE ( DEL_FLG = "0" )  [ RunTime:0.0010s ]
SQL: SHOW COLUMNS FROM `employee_position` [ RunTime:0.0200s ]
SQL: SELECT * FROM `employee_position` WHERE ( DEL_FLG = "0" )  [ RunTime:0.0020s ]
INFO: [ view_parse ] --START--
INFO: [ template_filter ] --START--
INFO: Run Behavior\ContentReplaceBehavior [ RunTime:0.006000s ]
INFO: [ template_filter ] --END-- [ RunTime:0.006000s ]
NOTIC: [8] Use of undefined constant active - assumed 'active' C:\php workspace\hair\Application\Runtime\Cache\Home\abff067bfd7a19adb2d93fa4c055825d.php 第 95 行.
INFO: Run Behavior\ParseTemplateBehavior [ RunTime:0.136008s ]
INFO: [ view_parse ] --END-- [ RunTime:0.137008s ]
INFO: [ view_filter ] --START--
INFO: Run Behavior\WriteHtmlCacheBehavior [ RunTime:0.004000s ]
INFO: [ view_filter ] --END-- [ RunTime:0.004000s ]
INFO: [ app_end ] --START--
INFO: Run Behavior\ShowPageTraceBehavior [ RunTime:0.002000s ]
INFO: [ app_end ] --END-- [ RunTime:0.003000s ]

[ 2016-06-27T18:43:35+09:00 ] ::1 /hair/index.php/Home/employee/employeePositionProcess/
INFO: [ app_init ] --START--
INFO: Run Behavior\BuildLiteBehavior [ RunTime:0.000000s ]
INFO: [ app_init ] --END-- [ RunTime:0.003000s ]
INFO: [ app_begin ] --START--
INFO: Run Behavior\ReadHtmlCacheBehavior [ RunTime:0.002000s ]
INFO: [ app_begin ] --END-- [ RunTime:0.003000s ]
SQL: SHOW COLUMNS FROM `employee_position_big` [ RunTime:0.0200s ]
SQL: UPDATE `employee_position_big` SET `EMPLOYEE_POSITION_BIG_NAME`='设计师',`UPD_DATE`='2016-06-27 18:43:35',`UPD_USER`='1' WHERE ( EMPLOYEE_POSITION_BIG_ID = 1 ) [ RunTime:0.0020s ]
SQL: UPDATE `employee_position_big` SET `EMPLOYEE_POSITION_BIG_NAME`='中工',`UPD_DATE`='2016-06-27 18:43:35',`UPD_USER`='1' WHERE ( EMPLOYEE_POSITION_BIG_ID = 2 ) [ RunTime:0.0020s ]
SQL: UPDATE `employee_position_big` SET `EMPLOYEE_POSITION_BIG_NAME`='助理',`UPD_DATE`='2016-06-27 18:43:35',`UPD_USER`='1' WHERE ( EMPLOYEE_POSITION_BIG_ID = 3 ) [ RunTime:0.0060s ]
SQL: SHOW COLUMNS FROM `employee_position` [ RunTime:0.0200s ]
SQL: UPDATE `employee_position` SET `EMPLOYEE_POSITION_NAME`='',`UPD_DATE`='2016-06-27 18:43:35',`UPD_USER`='1' WHERE ( EMPLOYEE_POSITION_ID = 1 ) [ RunTime:0.0100s ]
SQL: UPDATE `employee_position` SET `EMPLOYEE_POSITION_NAME`='中级设计师',`UPD_DATE`='2016-06-27 18:43:35',`UPD_USER`='1' WHERE ( EMPLOYEE_POSITION_ID = 2 ) [ RunTime:0.0020s ]
SQL: UPDATE `employee_position` SET `EMPLOYEE_POSITION_NAME`='普通设计师',`UPD_DATE`='2016-06-27 18:43:35',`UPD_USER`='1' WHERE ( EMPLOYEE_POSITION_ID = 3 ) [ RunTime:0.0050s ]
SQL: UPDATE `employee_position` SET `EMPLOYEE_POSITION_NAME`='',`UPD_DATE`='2016-06-27 18:43:35',`UPD_USER`='1' WHERE ( EMPLOYEE_POSITION_ID = 10 ) [ RunTime:0.0030s ]
SQL: INSERT INTO `employee_position` (`EMPLOYEE_POSITION_BIG_ID`,`EMPLOYEE_POSITION_NAME`,`INS_DATE`,`INS_USER`,`UPD_DATE`,`UPD_USER`,`DEL_FLG`) VALUES ('1','','2016-06-27 18:43:35','1','2016-06-27 18:43:35','1','0') [ RunTime:0.0340s ]
SQL: UPDATE `employee_position` SET `EMPLOYEE_POSITION_NAME`='',`UPD_DATE`='2016-06-27 18:43:35',`UPD_USER`='1' WHERE ( EMPLOYEE_POSITION_ID = 4 ) [ RunTime:0.0050s ]
SQL: UPDATE `employee_position` SET `EMPLOYEE_POSITION_NAME`='中级中工',`UPD_DATE`='2016-06-27 18:43:35',`UPD_USER`='1' WHERE ( EMPLOYEE_POSITION_ID = 5 ) [ RunTime:0.0020s ]
SQL: UPDATE `employee_position` SET `EMPLOYEE_POSITION_NAME`='普通中工',`UPD_DATE`='2016-06-27 18:43:35',`UPD_USER`='1' WHERE ( EMPLOYEE_POSITION_ID = 6 ) [ RunTime:0.0140s ]
SQL: UPDATE `employee_position` SET `EMPLOYEE_POSITION_NAME`='中级设计师',`UPD_DATE`='2016-06-27 18:43:35',`UPD_USER`='1' WHERE ( EMPLOYEE_POSITION_ID = 11 ) [ RunTime:0.0020s ]
SQL: INSERT INTO `employee_position` (`EMPLOYEE_POSITION_BIG_ID`,`EMPLOYEE_POSITION_NAME`,`INS_DATE`,`INS_USER`,`UPD_DATE`,`UPD_USER`,`DEL_FLG`) VALUES ('2','','2016-06-27 18:43:35','1','2016-06-27 18:43:35','1','0') [ RunTime:0.0120s ]
SQL: UPDATE `employee_position` SET `EMPLOYEE_POSITION_NAME`='',`UPD_DATE`='2016-06-27 18:43:35',`UPD_USER`='1' WHERE ( EMPLOYEE_POSITION_ID = 7 ) [ RunTime:0.0060s ]
SQL: UPDATE `employee_position` SET `EMPLOYEE_POSITION_NAME`='中级助理',`UPD_DATE`='2016-06-27 18:43:35',`UPD_USER`='1' WHERE ( EMPLOYEE_POSITION_ID = 8 ) [ RunTime:0.0020s ]
SQL: UPDATE `employee_position` SET `EMPLOYEE_POSITION_NAME`='普通助理',`UPD_DATE`='2016-06-27 18:43:35',`UPD_USER`='1' WHERE ( EMPLOYEE_POSITION_ID = 9 ) [ RunTime:0.0030s ]
SQL: UPDATE `employee_position` SET `EMPLOYEE_POSITION_NAME`='普通设计师',`UPD_DATE`='2016-06-27 18:43:35',`UPD_USER`='1' WHERE ( EMPLOYEE_POSITION_ID = 12 ) [ RunTime:0.0040s ]
SQL: INSERT INTO `employee_position` (`EMPLOYEE_POSITION_BIG_ID`,`EMPLOYEE_POSITION_NAME`,`INS_DATE`,`INS_USER`,`UPD_DATE`,`UPD_USER`,`DEL_FLG`) VALUES ('3','','2016-06-27 18:43:35','1','2016-06-27 18:43:35','1','0') [ RunTime:0.0630s ]

